SF:lib\constants\colors\app_colors_dark.dart
DA:6,0
DA:76,1
DA:77,1
DA:78,1
DA:85,1
DA:86,1
DA:87,1
DA:94,1
DA:95,1
DA:96,1
LF:10
LH:9
end_of_record
SF:lib\constants\theme\app_theme.dart
DA:35,30
DA:36,18
DA:41,55
DA:42,55
DA:43,54
DA:44,72
DA:45,36
DA:46,54
DA:47,18
DA:48,1
DA:49,1
DA:50,1
DA:52,18
DA:53,18
DA:54,18
DA:57,18
DA:58,18
DA:59,1
DA:60,1
DA:61,0
DA:62,0
DA:63,0
DA:64,0
DA:66,0
DA:67,0
DA:68,0
DA:70,2
DA:71,5
DA:72,2
DA:73,2
DA:76,4
DA:77,2
DA:78,4
DA:79,4
DA:80,4
DA:81,4
DA:82,4
DA:83,4
DA:84,4
DA:85,4
DA:87,2
DA:91,1
DA:92,1
DA:95,2
DA:96,1
DA:97,2
DA:98,2
DA:99,2
DA:100,2
DA:101,2
DA:102,2
DA:103,2
DA:104,2
DA:106,1
DA:110,2
DA:111,2
DA:112,4
DA:113,4
DA:114,4
DA:115,4
DA:116,4
DA:117,4
DA:118,4
DA:119,4
DA:120,4
DA:121,4
DA:122,4
DA:123,4
DA:124,4
DA:125,4
DA:126,4
LF:71
LH:64
end_of_record
SF:lib\constants\theme\app_theme_provider.dart
DA:8,18
DA:13,18
DA:15,18
DA:17,0
DA:22,18
DA:25,1
DA:28,3
LF:7
LH:6
end_of_record
SF:lib\constants\colors\app_colors_light.dart
DA:6,0
LF:1
LH:0
end_of_record
SF:lib\constants\theme\app_accent_colors.dart
DA:10,3
DA:16,18
DA:22,1
LF:3
LH:3
end_of_record
SF:lib\constants\theme\app_animations.dart
DA:5,3
LF:1
LH:1
end_of_record
SF:lib\constants\theme\app_borders.dart
DA:3,3
LF:1
LH:1
end_of_record
SF:lib\constants\theme\app_color_palette.dart
DA:22,3
DA:39,18
DA:56,1
LF:3
LH:3
end_of_record
SF:lib\constants\theme\app_opacities.dart
DA:3,3
LF:1
LH:1
end_of_record
SF:lib\constants\theme\app_shadows.dart
DA:5,0
DA:17,0
DA:53,0
DA:87,1
DA:88,1
DA:89,1
DA:90,1
DA:98,1
DA:102,1
DA:103,1
DA:104,1
LF:11
LH:8
end_of_record
SF:lib\constants\theme\app_shapes.dart
DA:5,0
DA:37,3
DA:45,18
DA:56,0
DA:57,0
DA:59,2
DA:60,2
DA:61,0
DA:62,0
DA:63,2
DA:64,0
DA:65,0
DA:66,0
DA:68,1
DA:70,0
DA:71,4
LF:16
LH:7
end_of_record
SF:lib\constants\theme\app_sizes.dart
DA:3,3
LF:1
LH:1
end_of_record
SF:lib\constants\theme\app_spacing.dart
DA:3,0
DA:41,3
DA:52,18
DA:63,0
LF:4
LH:2
end_of_record
SF:lib\constants\theme\app_surfaces.dart
DA:9,18
DA:10,18
DA:11,54
LF:3
LH:3
end_of_record
SF:lib\models\app_settings_model.dart
DA:39,3
DA:79,2
DA:80,2
DA:82,2
DA:83,4
DA:84,2
DA:85,2
DA:87,2
DA:88,2
DA:89,2
DA:90,2
DA:91,2
DA:92,2
DA:94,2
DA:95,2
DA:96,2
DA:97,2
DA:98,2
DA:100,2
DA:101,2
DA:102,2
DA:103,2
DA:104,2
DA:105,2
DA:107,2
DA:108,2
DA:109,2
DA:110,2
DA:111,2
DA:113,2
DA:114,2
DA:115,2
DA:116,2
DA:121,3
DA:122,3
DA:124,3
DA:125,3
DA:126,3
DA:127,3
DA:129,3
DA:130,3
DA:131,3
DA:132,3
DA:133,3
DA:134,3
DA:136,3
DA:137,3
DA:138,3
DA:139,3
DA:140,3
DA:142,3
DA:143,3
DA:144,3
DA:145,3
DA:146,3
DA:147,3
DA:149,3
DA:150,3
DA:151,3
DA:152,3
DA:153,3
DA:155,3
DA:156,3
DA:157,3
DA:158,3
DA:163,3
DA:195,3
DA:196,2
DA:197,3
DA:198,3
DA:199,3
DA:200,3
DA:201,3
DA:202,3
DA:203,3
DA:204,3
DA:205,3
DA:206,3
DA:207,3
DA:208,3
DA:209,3
DA:210,3
DA:211,3
DA:212,3
DA:213,3
DA:214,3
DA:215,3
DA:216,3
DA:217,3
DA:218,3
DA:219,3
DA:220,3
DA:222,3
DA:223,3
DA:224,3
DA:225,3
DA:226,3
LF:97
LH:97
end_of_record
SF:lib\constants\theme\app_typography.dart
DA:5,0
DA:25,0
DA:38,18
DA:40,18
DA:41,18
DA:45,18
DA:55,18
DA:57,18
DA:58,18
DA:61,18
DA:64,18
DA:65,18
DA:68,18
DA:71,18
DA:72,18
DA:75,18
DA:78,18
DA:79,18
DA:85,18
DA:86,18
DA:93,18
DA:94,36
DA:99,18
DA:100,18
DA:105,18
DA:106,18
DA:111,18
DA:112,18
DA:118,18
DA:119,18
DA:124,18
DA:125,18
DA:130,18
DA:131,18
DA:138,18
DA:139,18
DA:144,18
DA:145,18
DA:151,18
DA:152,18
DA:182,18
DA:200,0
DA:201,0
DA:202,0
DA:203,0
DA:204,2
DA:205,0
DA:206,4
DA:207,0
DA:209,10
DA:212,8
DA:213,0
DA:214,0
LF:53
LH:43
end_of_record
SF:lib\constants\data\drug_categories.dart
DA:42,0
DA:80,3
DA:82,6
DA:83,3
DA:87,0
LF:5
LH:3
end_of_record
SF:lib\constants\enums\app_mood.dart
DA:1,3
LF:1
LH:1
end_of_record
SF:lib\common\logging\app_log.dart
DA:5,9
DA:6,9
DA:7,9
DA:8,9
DA:12,10
DA:13,10
DA:16,3
DA:17,3
DA:20,5
DA:21,5
LF:10
LH:10
end_of_record
SF:lib\constants\theme\app_theme_extension.dart
DA:19,36
DA:22,51
DA:23,33
DA:24,48
DA:25,24
DA:26,45
DA:29,12
DA:30,39
DA:31,9
DA:32,18
DA:35,3
DA:38,15
DA:39,0
DA:40,0
DA:49,0
DA:50,3
DA:51,0
DA:52,6
DA:53,6
DA:54,0
DA:62,0
DA:63,0
DA:64,0
DA:65,4
DA:66,0
LF:25
LH:16
end_of_record
SF:lib\features\login\login\login_controller.dart
DA:19,4
DA:20,3
DA:21,1
DA:22,1
DA:23,2
DA:28,2
DA:35,1
DA:36,1
DA:37,1
DA:40,1
DA:42,2
DA:48,1
DA:49,3
DA:50,4
DA:51,0
DA:52,0
DA:53,0
DA:54,0
DA:59,1
DA:61,2
DA:62,0
DA:65,1
DA:66,4
DA:68,2
DA:69,0
DA:70,0
DA:77,1
DA:81,2
DA:82,4
DA:85,4
DA:86,4
DA:87,4
DA:89,4
DA:92,3
DA:93,1
DA:96,1
DA:97,4
DA:103,0
DA:104,0
DA:105,0
DA:106,0
DA:107,0
DA:108,0
DA:109,0
DA:111,0
DA:113,0
DA:114,0
DA:121,1
DA:122,2
DA:123,4
DA:124,4
DA:130,1
DA:131,4
DA:135,1
DA:136,4
LF:55
LH:38
end_of_record
SF:lib\providers\core_providers.dart
DA:9,9
DA:10,0
DA:12,3
DA:13,0
DA:15,3
DA:16,0
DA:17,0
DA:21,3
DA:22,0
DA:23,0
DA:25,3
DA:26,0
DA:27,0
DA:28,0
DA:31,2
DA:32,1
LF:16
LH:7
end_of_record
SF:lib\services\debug_config.dart
DA:9,1
DA:10,1
DA:14,1
DA:17,1
DA:19,2
DA:28,0
DA:29,0
DA:30,0
DA:34,1
DA:35,1
DA:36,2
DA:38,0
DA:47,0
DA:50,0
DA:53,0
DA:56,0
DA:57,0
DA:58,0
DA:59,0
DA:60,0
DA:61,0
DA:62,0
DA:66,0
DA:67,0
DA:68,0
DA:72,0
DA:73,0
DA:74,0
DA:75,0
DA:79,0
LF:30
LH:8
end_of_record
SF:lib\services\onboarding_service.dart
DA:43,2
DA:44,2
DA:45,2
DA:49,1
DA:50,1
DA:51,1
DA:55,1
DA:56,1
DA:57,1
DA:58,1
DA:59,1
DA:63,1
DA:64,1
DA:65,1
DA:69,1
DA:70,1
DA:71,1
DA:75,1
DA:76,1
DA:77,1
DA:81,1
DA:82,1
DA:83,1
DA:90,3
DA:91,3
DA:92,3
DA:96,2
DA:97,2
DA:98,2
DA:102,1
DA:103,1
DA:104,1
DA:105,1
DA:115,2
DA:124,12
LF:35
LH:35
end_of_record
SF:lib\features\login\services\post_login_router.dart
DA:12,6
DA:13,2
DA:17,1
DA:19,1
DA:20,5
DA:22,1
DA:25,3
DA:26,2
DA:27,1
DA:30,3
DA:31,2
DA:32,1
DA:35,4
DA:36,1
DA:39,1
DA:45,5
DA:46,5
DA:47,5
DA:48,5
DA:49,1
DA:50,4
DA:51,5
LF:22
LH:22
end_of_record
SF:lib\providers\navigation_provider.dart
DA:4,3
DA:5,0
LF:2
LH:1
end_of_record
SF:lib\models\user_profile.dart
DA:18,0
DA:26,0
DA:27,0
DA:28,0
DA:29,0
DA:30,0
DA:36,0
DA:37,0
DA:38,0
DA:44,0
DA:45,0
DA:46,0
DA:47,0
DA:48,0
DA:49,0
DA:53,0
DA:55,0
DA:58,0
DA:61,0
DA:62,0
DA:63,0
DA:64,0
DA:65,0
DA:68,0
DA:70,0
DA:71,0
DA:72,0
DA:73,0
DA:82,2
DA:83,0
DA:84,0
DA:87,0
DA:90,0
LF:33
LH:1
end_of_record
SF:lib\services\app_lock_controller.dart
DA:8,1
DA:18,1
DA:24,1
DA:25,1
DA:26,1
DA:27,1
DA:28,0
DA:40,1
DA:42,3
DA:43,1
DA:44,1
DA:46,0
DA:49,0
DA:51,1
DA:52,1
DA:53,1
DA:57,1
DA:65,1
DA:67,1
DA:68,1
DA:69,1
DA:72,1
DA:78,2
DA:81,1
DA:82,3
DA:83,1
DA:84,2
DA:85,1
DA:86,3
DA:90,1
DA:94,1
DA:95,3
DA:96,0
DA:97,2
DA:98,3
DA:100,1
DA:104,1
DA:105,3
DA:106,1
DA:107,1
DA:109,1
DA:111,1
DA:112,1
DA:117,1
DA:118,3
DA:126,1
DA:127,3
DA:128,1
DA:129,1
DA:130,2
DA:134,1
DA:138,1
DA:139,3
DA:140,1
DA:142,1
DA:144,1
DA:145,1
DA:146,1
LF:58
LH:54
end_of_record
SF:lib\services\auth_service.dart
DA:8,1
DA:15,0
DA:17,0
DA:18,0
DA:19,0
DA:23,0
DA:24,0
DA:25,0
DA:26,0
DA:30,0
DA:31,0
DA:32,0
DA:33,0
DA:34,0
DA:37,0
DA:38,0
DA:39,0
DA:40,0
DA:45,0
DA:53,0
DA:54,0
DA:56,0
DA:57,0
DA:60,0
DA:63,0
DA:65,0
DA:71,0
DA:72,0
DA:73,0
DA:80,0
DA:85,0
DA:86,0
DA:91,0
DA:92,0
DA:94,0
DA:95,0
DA:97,0
DA:98,0
DA:105,0
DA:107,0
DA:108,0
DA:109,0
DA:111,0
DA:119,2
DA:120,4
DA:121,4
LF:46
LH:4
end_of_record
SF:lib\services\encryption_service_v2.dart
DA:25,24
DA:26,16
DA:27,8
DA:28,0
DA:35,0
DA:54,0
DA:56,0
DA:57,0
DA:60,0
DA:61,0
DA:63,0
DA:64,0
DA:66,0
DA:67,0
DA:70,0
DA:71,0
DA:73,0
DA:74,0
DA:76,0
DA:79,0
DA:82,0
DA:85,0
DA:87,0
DA:89,0
DA:93,0
DA:104,0
DA:106,0
DA:110,0
DA:111,0
DA:112,0
DA:113,0
DA:114,0
DA:116,0
DA:122,0
DA:123,0
DA:124,0
DA:126,0
DA:128,0
DA:134,0
DA:135,0
DA:137,0
DA:141,0
DA:143,0
DA:156,0
DA:162,0
DA:163,0
DA:164,0
DA:165,0
DA:166,0
DA:168,0
DA:174,0
DA:175,0
DA:176,0
DA:178,0
DA:184,0
DA:190,0
DA:191,0
DA:193,0
DA:197,0
DA:199,0
DA:212,0
DA:219,0
DA:220,0
DA:223,0
DA:224,0
DA:225,0
DA:226,0
DA:227,0
DA:229,0
DA:235,0
DA:236,0
DA:237,0
DA:239,0
DA:245,0
DA:248,0
DA:256,0
DA:259,0
DA:261,0
DA:263,0
DA:264,0
DA:265,0
DA:267,0
DA:269,0
DA:271,0
DA:273,0
DA:274,0
DA:276,0
DA:280,0
DA:282,0
DA:298,0
DA:305,0
DA:306,0
DA:308,0
DA:309,0
DA:311,0
DA:312,0
DA:315,0
DA:316,0
DA:317,0
DA:318,0
DA:319,0
DA:321,0
DA:327,0
DA:328,0
DA:329,0
DA:331,0
DA:333,0
DA:336,0
DA:344,0
DA:347,0
DA:349,0
DA:352,0
DA:353,0
DA:354,0
DA:356,0
DA:358,0
DA:360,0
DA:362,0
DA:364,0
DA:366,0
DA:367,0
DA:369,0
DA:371,0
DA:375,0
DA:377,0
DA:388,0
DA:390,0
DA:391,0
DA:394,0
DA:395,0
DA:397,0
DA:400,0
DA:408,0
DA:411,0
DA:413,0
DA:414,0
DA:415,0
DA:419,0
DA:420,0
DA:421,0
DA:422,0
DA:423,0
DA:426,0
DA:428,0
DA:430,0
DA:431,0
DA:436,0
DA:438,0
DA:446,0
DA:447,0
DA:448,0
DA:449,0
DA:453,0
DA:454,0
DA:455,0
DA:459,0
DA:462,0
DA:466,0
DA:477,0
DA:481,0
DA:482,0
DA:483,0
DA:485,0
DA:487,0
DA:488,0
DA:489,0
DA:490,0
DA:492,0
DA:496,0
DA:498,0
DA:500,0
DA:502,0
DA:514,0
DA:515,0
DA:516,0
DA:518,0
DA:522,0
DA:523,0
DA:524,0
DA:525,0
DA:528,0
DA:529,0
DA:530,0
DA:531,0
DA:533,0
DA:535,0
DA:537,0
DA:547,0
DA:548,0
DA:549,0
DA:551,0
DA:555,0
DA:559,0
DA:560,0
DA:561,0
DA:562,0
DA:563,0
DA:565,0
DA:567,0
DA:569,0
DA:571,0
DA:573,0
DA:585,0
DA:590,0
DA:591,0
DA:595,0
DA:596,0
DA:604,0
DA:608,0
DA:609,0
DA:614,0
DA:615,0
DA:616,0
DA:617,0
DA:619,0
DA:624,0
DA:629,0
DA:630,0
DA:631,0
DA:632,0
DA:633,0
DA:635,0
DA:639,0
DA:640,0
DA:644,0
DA:646,0
DA:647,0
DA:657,0
DA:658,0
DA:659,0
DA:660,0
DA:665,0
DA:666,0
DA:670,0
DA:671,0
DA:675,0
DA:677,0
DA:678,0
DA:679,0
DA:680,0
DA:681,0
DA:688,0
DA:689,0
DA:690,0
DA:694,0
DA:695,0
DA:696,0
DA:697,0
DA:698,0
DA:699,0
DA:708,0
DA:709,0
DA:712,0
DA:717,0
DA:718,0
DA:721,0
DA:726,0
DA:730,0
DA:731,0
DA:733,0
DA:734,0
DA:735,0
DA:736,0
DA:737,0
DA:738,0
DA:747,0
DA:751,0
DA:752,0
DA:754,0
DA:755,0
DA:756,0
DA:757,0
DA:758,0
DA:759,0
LF:274
LH:3
end_of_record
SF:lib\services\encryption_migration_service.dart
DA:26,0
DA:28,0
DA:29,0
DA:30,0
DA:31,0
DA:32,0
DA:38,0
DA:39,0
DA:47,0
DA:49,0
DA:75,0
DA:77,0
DA:79,0
DA:82,0
DA:84,0
DA:86,0
DA:88,0
DA:91,0
DA:92,0
DA:93,0
DA:94,0
DA:95,0
DA:101,0
DA:103,0
DA:111,0
DA:113,0
DA:114,0
DA:115,0
DA:116,0
DA:117,0
DA:118,0
DA:125,0
DA:126,0
DA:128,0
DA:129,0
DA:131,0
DA:132,0
DA:133,0
DA:134,0
DA:135,0
DA:136,0
DA:137,0
DA:138,0
DA:140,0
DA:142,0
DA:147,0
DA:149,0
DA:152,0
DA:154,0
DA:162,0
DA:164,0
DA:165,0
DA:166,0
DA:167,0
DA:168,0
DA:169,0
DA:176,0
DA:177,0
DA:178,0
DA:180,0
DA:181,0
DA:183,0
DA:185,0
DA:186,0
DA:189,0
DA:191,0
DA:196,0
DA:197,0
DA:199,0
DA:201,0
DA:202,0
DA:205,0
DA:207,0
DA:211,0
DA:212,0
DA:213,0
DA:216,0
DA:218,0
DA:221,0
DA:223,0
DA:231,0
DA:233,0
DA:234,0
DA:235,0
DA:236,0
DA:237,0
DA:238,0
DA:245,0
DA:246,0
DA:248,0
DA:249,0
DA:251,0
DA:252,0
DA:253,0
DA:254,0
DA:255,0
DA:256,0
DA:257,0
DA:258,0
DA:260,0
DA:262,0
DA:267,0
DA:269,0
DA:272,0
DA:274,0
DA:282,0
DA:284,0
DA:285,0
DA:286,0
DA:287,0
DA:288,0
DA:289,0
DA:296,0
DA:297,0
DA:299,0
DA:300,0
DA:302,0
DA:303,0
DA:304,0
DA:305,0
DA:306,0
DA:307,0
DA:308,0
DA:309,0
DA:311,0
DA:313,0
DA:318,0
DA:320,0
DA:323,0
DA:325,0
LF:130
LH:0
end_of_record
SF:lib\providers\shared_preferences_provider.dart
DA:4,6
DA:5,0
LF:2
LH:1
end_of_record
SF:lib\services\navigation_service.dart
DA:5,0
DA:6,0
DA:9,0
DA:10,0
DA:13,0
DA:14,0
LF:6
LH:0
end_of_record
SF:lib\utils\error_handler.dart
DA:10,9
DA:13,0
DA:20,0
DA:22,0
DA:23,0
DA:24,0
DA:25,0
DA:27,0
DA:30,0
DA:33,0
DA:34,0
DA:35,0
DA:37,0
DA:39,0
DA:40,0
DA:41,0
DA:43,0
DA:45,0
DA:54,0
DA:56,0
DA:57,0
DA:58,0
DA:59,0
DA:63,0
DA:64,0
DA:73,0
DA:78,0
DA:79,0
DA:80,0
DA:81,0
DA:84,0
DA:87,0
DA:89,0
DA:92,0
DA:93,0
DA:101,0
DA:106,0
DA:107,0
DA:108,0
DA:109,0
DA:112,0
DA:115,0
DA:122,3
DA:127,6
DA:129,6
DA:131,9
DA:135,1
DA:136,2
DA:140,6
DA:141,12
DA:145,4
DA:146,8
DA:148,2
LF:53
LH:12
end_of_record
SF:lib\services\user_service.dart
DA:22,0
DA:24,0
DA:25,0
DA:28,0
DA:29,0
DA:31,0
DA:33,0
DA:40,0
DA:45,0
DA:53,0
DA:54,0
DA:55,0
DA:56,0
DA:57,0
DA:58,0
DA:60,0
DA:67,0
DA:68,0
DA:71,0
DA:72,0
DA:73,0
DA:74,0
DA:75,0
DA:76,0
DA:79,0
DA:84,0
DA:86,0
DA:90,0
DA:91,0
DA:92,0
DA:93,0
DA:94,0
DA:98,0
DA:99,0
DA:100,0
DA:101,0
DA:111,0
DA:112,0
DA:119,0
DA:121,0
DA:123,0
DA:125,0
DA:128,0
DA:129,0
DA:130,0
DA:131,0
DA:132,0
DA:133,0
DA:134,0
DA:135,0
DA:136,0
DA:139,0
DA:140,0
DA:141,0
DA:142,0
DA:143,0
DA:145,0
DA:151,0
DA:152,0
DA:153,0
DA:159,0
DA:160,0
DA:161,0
DA:168,0
DA:169,0
DA:174,0
DA:175,0
DA:178,0
DA:179,0
DA:180,0
DA:181,0
DA:182,0
DA:185,0
DA:194,0
DA:198,0
DA:200,0
DA:202,0
DA:203,0
DA:204,0
DA:205,0
DA:207,0
DA:221,1
DA:223,1
DA:232,0
DA:238,0
DA:239,0
DA:240,0
DA:243,0
DA:244,0
DA:252,0
DA:257,0
DA:262,0
DA:266,0
DA:267,0
DA:268,0
DA:269,0
DA:270,0
DA:271,0
DA:272,0
DA:275,0
DA:276,0
DA:281,0
DA:286,0
DA:287,0
DA:288,0
DA:291,0
DA:292,0
LF:107
LH:2
end_of_record
SF:lib\services\cache_service.dart
DA:7,15
DA:8,10
DA:9,5
DA:18,1
DA:19,2
DA:22,1
DA:26,1
DA:27,2
DA:29,1
DA:33,1
DA:36,1
DA:43,1
DA:44,3
DA:46,2
DA:51,1
DA:52,2
DA:56,1
DA:57,2
DA:58,3
DA:59,1
DA:60,2
DA:61,2
DA:66,1
DA:67,2
DA:71,1
DA:72,2
DA:73,4
DA:74,3
DA:75,1
DA:76,2
DA:77,2
DA:82,1
DA:83,1
DA:84,2
DA:85,6
DA:86,6
DA:91,1
DA:92,2
DA:94,1
DA:95,2
DA:106,1
DA:107,4
DA:113,2
DA:120,0
DA:121,0
DA:122,2
DA:124,0
DA:125,1
DA:126,1
DA:128,0
DA:129,0
DA:136,1
DA:137,1
DA:138,2
DA:139,2
DA:143,1
DA:144,1
DA:145,1
DA:146,1
LF:59
LH:54
end_of_record
SF:lib\services\performance_service.dart
DA:10,0
DA:16,0
DA:17,0
DA:19,0
DA:20,0
DA:21,0
DA:22,0
DA:26,0
DA:29,0
DA:30,0
DA:32,0
DA:33,0
DA:40,1
DA:45,1
DA:46,0
DA:48,0
DA:49,0
DA:50,0
DA:52,0
DA:54,0
DA:56,0
DA:57,0
DA:64,0
DA:66,0
DA:68,0
DA:69,0
DA:71,0
DA:72,0
DA:74,0
DA:75,0
DA:76,0
DA:83,0
DA:84,0
DA:85,0
DA:86,0
DA:87,0
DA:88,0
DA:89,0
DA:91,0
DA:92,0
DA:95,0
DA:96,0
DA:97,0
DA:100,0
DA:101,0
DA:102,0
DA:103,0
DA:107,0
DA:110,0
DA:112,0
DA:115,0
DA:118,0
DA:124,0
DA:126,0
DA:127,0
DA:128,0
LF:56
LH:2
end_of_record
SF:lib\services\encryption_service.dart
DA:21,0
DA:22,0
DA:23,0
DA:24,0
DA:26,0
DA:38,0
DA:40,0
DA:41,0
DA:43,0
DA:45,0
DA:48,0
DA:49,0
DA:50,0
DA:51,0
DA:52,0
DA:55,0
DA:59,0
DA:63,0
DA:64,0
DA:65,0
DA:69,0
DA:75,0
DA:77,0
DA:80,0
DA:82,0
DA:90,0
DA:96,0
DA:97,0
DA:98,0
DA:100,0
DA:102,0
DA:104,0
DA:106,0
DA:107,0
DA:113,0
DA:114,0
DA:115,0
DA:116,0
DA:119,0
DA:120,0
DA:121,0
DA:122,0
DA:123,0
DA:130,0
DA:131,0
DA:132,0
DA:133,0
DA:136,0
DA:138,0
DA:143,0
DA:145,0
DA:153,0
DA:155,0
DA:156,0
DA:158,0
DA:160,0
DA:163,0
DA:164,0
DA:165,0
DA:166,0
DA:167,0
DA:168,0
DA:170,0
DA:172,0
DA:174,0
DA:176,0
DA:178,0
DA:179,0
DA:180,0
DA:181,0
DA:183,0
DA:187,0
DA:188,0
DA:193,0
DA:195,0
DA:203,0
DA:204,0
DA:205,0
DA:206,0
DA:211,0
DA:212,0
DA:215,0
DA:216,0
DA:221,0
DA:223,0
DA:224,0
DA:225,0
DA:230,0
DA:231,0
DA:236,0
DA:237,0
DA:241,0
DA:242,0
DA:243,0
DA:244,0
DA:247,0
DA:248,0
DA:249,0
DA:250,0
DA:252,0
DA:254,0
DA:256,0
DA:266,0
DA:267,0
DA:271,0
DA:274,0
DA:275,0
DA:280,0
DA:282,0
DA:283,0
DA:284,0
DA:289,0
DA:290,0
DA:295,0
DA:296,0
DA:300,0
DA:301,0
DA:302,0
DA:303,0
DA:304,0
DA:306,0
DA:308,0
DA:310,0
DA:312,0
DA:314,0
DA:324,0
DA:325,0
DA:327,0
DA:328,0
DA:329,0
DA:330,0
DA:331,0
DA:339,0
DA:343,0
DA:344,0
DA:345,0
DA:346,0
DA:354,0
DA:358,0
DA:359,0
DA:360,0
DA:361,0
DA:368,0
DA:369,0
DA:370,0
DA:374,0
DA:376,0
DA:377,0
DA:379,0
DA:380,0
DA:381,0
DA:384,0
DA:386,0
DA:388,0
DA:389,0
DA:390,0
DA:391,0
DA:395,0
DA:396,0
DA:397,0
DA:398,0
DA:401,0
DA:402,0
DA:403,0
DA:404,0
DA:405,0
DA:407,0
DA:409,0
LF:168
LH:0
end_of_record
SF:lib\services\error_logging_service.dart
DA:11,4
DA:14,3
DA:16,9
DA:19,1
DA:24,1
DA:36,8
DA:37,8
DA:38,8
DA:39,8
DA:40,6
DA:41,4
DA:42,4
DA:43,4
DA:44,16
DA:47,4
DA:49,8
DA:50,4
DA:52,4
DA:56,4
DA:59,0
DA:60,0
DA:61,0
DA:62,0
DA:65,4
DA:66,4
DA:67,8
DA:68,1
DA:69,1
DA:70,5
DA:71,4
DA:73,1
DA:74,2
DA:75,1
DA:76,4
DA:77,3
DA:79,0
DA:80,0
DA:81,0
DA:82,0
DA:83,0
DA:85,0
DA:86,0
DA:87,0
DA:88,0
DA:89,0
DA:90,0
DA:92,0
DA:93,0
DA:95,0
DA:96,0
DA:97,0
DA:98,0
DA:99,0
DA:100,0
DA:101,0
DA:103,0
DA:104,0
DA:106,0
DA:107,0
DA:108,0
DA:109,0
DA:115,12
DA:116,3
DA:117,3
DA:120,0
DA:121,0
DA:124,0
DA:132,0
DA:141,0
DA:148,0
DA:150,0
DA:151,0
DA:152,0
DA:154,0
DA:155,0
LF:75
LH:34
end_of_record
SF:lib\utils\error_reporter.dart
DA:20,3
DA:21,9
DA:22,6
DA:23,3
DA:24,3
DA:26,3
DA:34,4
DA:35,8
DA:37,5
DA:40,5
DA:43,4
DA:46,4
DA:49,4
DA:53,8
DA:56,4
DA:57,4
DA:60,8
DA:63,4
DA:64,4
DA:67,4
DA:71,5
DA:74,8
DA:77,8
DA:80,7
DA:83,6
DA:87,3
DA:90,3
DA:93,3
DA:97,3
DA:98,3
DA:106,4
DA:107,8
DA:108,12
DA:110,4
DA:111,2
DA:113,4
DA:116,4
DA:119,4
DA:122,3
DA:125,3
DA:128,3
DA:132,4
DA:135,3
DA:138,3
DA:141,3
DA:142,3
DA:145,3
DA:148,3
DA:151,3
DA:154,2
DA:157,4
DA:160,2
DA:163,2
DA:166,2
DA:169,2
DA:172,2
DA:175,2
DA:176,2
DA:180,2
DA:184,3
DA:194,3
DA:195,3
DA:197,3
DA:199,6
DA:201,3
DA:203,6
DA:204,6
DA:205,6
DA:206,6
DA:207,6
DA:208,3
DA:210,3
DA:211,3
DA:212,3
DA:213,3
DA:214,0
DA:215,9
DA:217,6
DA:221,3
DA:222,0
DA:224,6
DA:225,12
DA:226,9
DA:227,6
DA:228,6
DA:230,3
DA:231,15
DA:234,9
DA:237,0
DA:238,0
DA:239,0
DA:244,0
DA:249,0
DA:257,3
DA:262,3
DA:266,0
DA:273,0
DA:275,0
LF:98
LH:88
end_of_record
SF:lib\features\login\login\login_page.dart
DA:18,1
DA:19,1
DA:20,1
DA:26,1
DA:28,2
DA:29,2
DA:30,1
DA:33,1
DA:35,3
DA:36,4
DA:37,1
DA:38,1
DA:39,1
DA:40,1
DA:41,1
DA:42,1
DA:43,1
DA:44,1
DA:45,1
DA:46,2
DA:47,1
DA:48,1
DA:49,1
DA:50,1
DA:51,1
DA:52,2
DA:53,1
DA:55,1
DA:57,1
DA:59,1
DA:61,2
DA:62,1
DA:63,2
DA:67,1
DA:68,2
DA:69,1
DA:71,1
DA:73,1
DA:75,1
DA:78,2
DA:79,1
DA:81,3
DA:84,2
DA:86,1
DA:87,1
DA:91,2
DA:93,1
DA:94,1
DA:98,2
DA:100,1
DA:102,1
DA:103,1
DA:105,1
DA:107,1
DA:109,1
DA:111,2
DA:112,1
DA:117,2
DA:119,1
DA:120,1
DA:122,1
DA:124,1
DA:127,1
DA:128,1
DA:130,2
DA:132,1
DA:133,1
DA:135,2
DA:136,2
DA:137,2
DA:141,2
DA:142,2
DA:143,1
DA:144,1
DA:145,3
DA:149,2
DA:151,1
DA:153,1
DA:154,1
DA:156,2
DA:157,1
DA:160,1
DA:161,1
DA:163,2
DA:165,1
DA:167,2
DA:168,2
LF:87
LH:87
end_of_record
SF:lib\common\buttons\common_primary_button.dart
DA:20,8
DA:32,8
DA:34,8
DA:35,16
DA:36,16
DA:37,8
DA:38,8
DA:39,20
DA:40,8
DA:41,24
DA:42,8
DA:43,8
DA:44,8
DA:45,8
DA:46,24
DA:49,8
DA:50,16
DA:51,16
DA:54,8
DA:55,1
DA:56,2
DA:57,2
DA:58,1
DA:59,2
DA:60,1
DA:61,1
DA:65,8
DA:68,8
DA:69,11
DA:70,12
DA:71,9
DA:73,8
DA:74,8
DA:75,24
LF:34
LH:34
end_of_record
SF:lib\common\inputs\input_field.dart
DA:30,5
DA:51,5
DA:53,5
DA:54,5
DA:55,5
DA:56,5
DA:57,5
DA:58,5
DA:59,5
DA:60,5
DA:61,5
DA:62,5
DA:63,5
DA:64,5
DA:65,5
DA:66,5
DA:67,5
DA:68,5
DA:69,5
DA:70,5
DA:71,5
DA:72,15
DA:73,15
DA:75,25
DA:76,5
DA:77,5
DA:78,5
DA:79,15
DA:80,15
DA:82,5
DA:83,15
DA:84,15
DA:86,5
DA:87,15
DA:88,15
DA:90,5
DA:91,15
DA:92,15
DA:94,5
DA:95,15
DA:96,15
DA:99,15
DA:100,5
DA:101,10
DA:102,10
DA:105,15
DA:106,10
DA:109,10
LF:48
LH:48
end_of_record
SF:lib\common\layout\common_spacer.dart
DA:14,0
DA:15,9
DA:18,7
DA:21,9
DA:23,27
LF:5
LH:4
end_of_record
SF:lib\features\manage_profile\forgot_password\forgot_password_controller.dart
DA:13,2
DA:14,1
DA:15,4
DA:19,2
DA:21,1
DA:22,4
DA:27,3
DA:31,4
DA:36,4
DA:38,1
DA:43,1
DA:44,1
LF:12
LH:12
end_of_record
SF:lib\features\tolerance\controllers\tolerance_controller.dart
DA:18,1
DA:20,3
DA:23,2
DA:24,1
DA:25,1
DA:28,1
DA:29,1
DA:32,1
LF:8
LH:8
end_of_record
SF:lib\features\tolerance\controllers\tolerance_repository.dart
DA:17,0
DA:19,0
DA:25,0
DA:27,0
DA:29,0
DA:32,0
DA:33,0
DA:34,0
DA:35,0
DA:37,0
DA:38,0
DA:40,0
DA:42,0
DA:43,0
DA:44,0
DA:47,0
DA:48,0
DA:49,0
DA:53,0
DA:54,0
DA:55,0
DA:57,0
DA:59,0
DA:61,0
DA:62,0
DA:63,0
DA:65,0
DA:68,0
DA:72,0
DA:73,0
DA:75,0
DA:76,0
DA:77,0
DA:80,0
DA:81,0
DA:82,0
DA:85,0
DA:86,0
DA:89,0
DA:90,0
DA:93,0
DA:95,0
DA:96,0
DA:97,0
DA:101,0
DA:102,0
DA:105,0
DA:106,0
DA:107,0
DA:108,0
DA:109,0
DA:112,0
DA:116,0
DA:125,0
DA:130,0
DA:131,0
DA:132,0
DA:134,0
DA:135,0
DA:136,0
DA:137,0
DA:138,0
DA:139,0
DA:141,0
DA:142,0
DA:144,0
DA:169,0
DA:170,0
DA:171,0
DA:172,0
DA:174,0
DA:175,0
DA:176,0
DA:180,0
DA:181,0
DA:183,0
DA:184,0
DA:189,0
DA:190,0
DA:193,0
DA:194,0
DA:195,0
DA:196,0
DA:197,0
DA:198,0
DA:200,0
DA:201,0
DA:203,0
DA:207,0
DA:216,0
DA:218,0
DA:219,0
DA:221,0
DA:225,0
DA:227,0
DA:230,0
DA:232,0
DA:233,0
LF:98
LH:0
end_of_record
SF:lib\features\tolerance\models\tolerance_models.dart
DA:33,0
DA:34,0
DA:45,0
DA:46,0
DA:63,0
DA:64,0
DA:79,0
DA:80,0
DA:92,1
DA:94,1
DA:96,1
DA:98,1
DA:100,1
DA:102,1
LF:14
LH:6
end_of_record
SF:lib\features\tolerance\controllers\tolerance_logic.dart
DA:16,3
DA:17,9
DA:18,3
DA:19,3
DA:22,3
DA:26,3
DA:27,9
DA:45,3
DA:46,3
DA:47,3
DA:50,6
DA:51,15
DA:53,3
DA:54,6
DA:58,6
DA:59,3
DA:60,3
DA:62,1
DA:63,1
DA:76,3
DA:77,15
DA:79,3
DA:81,3
DA:86,6
DA:87,9
DA:88,3
DA:89,12
DA:95,6
DA:96,6
DA:100,3
DA:101,3
DA:102,12
DA:105,3
DA:106,6
DA:107,3
DA:108,12
DA:113,6
DA:115,6
DA:118,3
DA:119,6
DA:138,3
DA:139,6
DA:140,3
DA:141,3
DA:142,3
DA:147,6
DA:148,3
DA:149,3
DA:151,6
DA:153,3
DA:155,3
DA:159,3
DA:160,0
DA:165,12
DA:166,6
DA:170,6
DA:172,6
DA:176,3
DA:177,3
DA:179,6
DA:180,3
DA:181,3
DA:185,3
DA:187,3
DA:192,6
DA:193,3
DA:194,3
DA:195,9
DA:196,6
DA:197,3
DA:198,3
DA:204,3
DA:215,3
DA:223,3
DA:224,6
DA:229,3
DA:230,3
DA:231,9
DA:232,3
DA:233,3
DA:234,3
DA:236,12
DA:238,3
DA:240,3
DA:241,9
DA:251,9
DA:252,3
DA:253,3
DA:259,6
DA:260,12
DA:261,3
DA:263,3
DA:264,9
DA:267,6
DA:269,3
DA:270,6
DA:271,3
DA:272,3
DA:273,3
DA:277,6
DA:279,3
DA:282,4
DA:283,2
DA:284,6
DA:287,3
DA:288,3
DA:302,3
DA:303,3
DA:309,1
DA:310,1
DA:312,1
DA:314,1
DA:316,1
LF:113
LH:112
end_of_record
SF:lib\models\craving_model.dart
DA:19,3
DA:37,2
DA:38,1
DA:39,1
DA:40,1
DA:41,2
DA:42,4
DA:43,1
DA:44,1
DA:45,1
DA:46,1
DA:47,1
DA:48,2
DA:49,2
DA:50,1
DA:51,1
DA:52,1
DA:53,2
LF:18
LH:18
end_of_record
SF:lib\common\buttons\common_chip.dart
DA:20,3
DA:32,3
DA:34,3
DA:35,5
DA:36,3
DA:37,3
DA:38,3
DA:40,3
DA:41,6
DA:42,6
DA:44,3
DA:45,3
DA:46,0
DA:47,3
DA:48,9
DA:49,9
DA:50,3
DA:51,3
DA:52,0
DA:53,6
DA:54,3
DA:56,3
DA:57,0
DA:58,0
DA:59,0
DA:66,3
DA:68,3
DA:69,3
DA:70,0
DA:71,0
DA:73,5
DA:74,2
DA:75,2
DA:77,2
DA:78,0
DA:79,4
DA:81,6
DA:83,3
DA:84,3
DA:85,9
DA:86,3
DA:87,3
DA:88,0
DA:89,6
LF:44
LH:35
end_of_record
SF:lib\common\buttons\common_chip_group.dart
DA:32,1
DA:46,1
DA:48,1
DA:49,1
DA:50,3
DA:51,1
DA:53,1
DA:55,2
DA:56,3
DA:57,3
DA:59,1
DA:60,2
DA:61,2
DA:62,3
DA:63,2
DA:64,1
DA:67,1
DA:68,2
DA:69,1
DA:70,1
DA:72,0
DA:74,2
DA:78,1
DA:79,1
DA:80,1
DA:81,1
DA:83,1
LF:27
LH:26
end_of_record
SF:lib\common\cards\common_card.dart
DA:19,4
DA:29,4
DA:31,12
DA:33,4
DA:34,4
DA:35,13
DA:36,4
DA:37,12
DA:38,4
DA:39,4
DA:40,4
DA:41,12
DA:45,4
DA:47,4
DA:51,1
DA:52,1
DA:53,1
DA:54,1
DA:56,1
DA:57,1
DA:58,1
DA:59,1
DA:60,1
DA:61,1
DA:62,1
DA:66,0
DA:67,0
DA:70,1
DA:71,1
DA:72,1
DA:73,4
DA:74,1
LF:32
LH:30
end_of_record
SF:lib\common\text\common_section_header.dart
DA:18,4
DA:27,4
DA:29,4
DA:30,4
DA:31,4
DA:32,4
DA:34,4
DA:35,4
DA:36,4
DA:37,12
DA:38,4
DA:39,4
DA:40,8
DA:43,7
DA:44,9
DA:45,3
DA:46,3
DA:47,9
DA:48,3
DA:49,6
LF:20
LH:20
end_of_record
SF:lib\common\buttons\common_icon_button.dart
DA:17,2
DA:26,2
DA:28,2
DA:29,4
DA:30,2
DA:31,4
DA:32,2
DA:33,2
DA:34,2
DA:35,2
DA:36,2
DA:37,2
LF:12
LH:12
end_of_record
SF:lib\common\buttons\common_outlined_button.dart
DA:19,1
DA:31,1
DA:33,1
DA:34,3
DA:35,1
DA:36,1
DA:37,1
DA:38,3
DA:39,1
DA:40,3
DA:41,1
DA:42,1
DA:43,3
DA:44,1
DA:45,3
DA:49,1
DA:50,0
DA:51,0
DA:52,0
DA:53,0
DA:54,0
DA:55,0
DA:58,1
DA:61,1
DA:62,2
DA:63,4
DA:64,3
DA:66,1
DA:67,1
DA:68,3
LF:30
LH:24
end_of_record
SF:lib\common\cards\common_action_card.dart
DA:9,0
DA:16,0
DA:18,0
DA:19,0
DA:20,0
DA:21,0
DA:22,0
DA:23,0
DA:24,0
DA:26,0
DA:27,0
DA:28,0
DA:29,0
DA:30,0
DA:31,0
DA:32,0
DA:33,0
DA:34,0
DA:35,0
DA:37,0
DA:39,0
DA:40,0
DA:41,0
DA:42,0
DA:43,0
DA:46,0
DA:48,0
DA:49,0
DA:50,0
DA:52,0
DA:54,0
LF:31
LH:0
end_of_record
SF:lib\common\cards\common_form_card.dart
DA:17,1
DA:26,1
DA:28,1
DA:29,1
DA:30,1
DA:32,1
DA:33,1
DA:34,2
DA:35,2
DA:36,2
DA:38,1
DA:39,0
DA:40,0
DA:41,0
DA:42,0
DA:43,0
DA:46,0
DA:48,1
DA:49,2
DA:50,3
DA:51,3
DA:52,1
DA:54,1
DA:56,1
DA:57,1
DA:58,1
DA:59,3
DA:60,1
DA:61,1
DA:62,3
DA:65,1
DA:66,1
DA:67,2
DA:68,1
DA:69,3
DA:70,1
DA:71,1
DA:72,3
DA:74,2
DA:76,3
DA:78,1
DA:79,1
DA:80,1
DA:81,1
DA:82,3
DA:84,2
DA:91,1
DA:92,4
DA:93,1
LF:49
LH:43
end_of_record
SF:lib\common\cards\common_stat_card.dart
DA:11,1
DA:20,0
DA:22,0
DA:23,0
DA:24,0
DA:25,0
DA:26,0
DA:27,0
DA:28,0
DA:29,0
DA:30,0
DA:31,0
DA:32,0
DA:33,0
DA:34,0
DA:35,0
DA:36,0
DA:38,0
DA:40,0
DA:41,0
DA:43,0
DA:44,0
DA:45,0
DA:46,0
DA:47,0
DA:48,0
DA:50,0
DA:51,0
DA:57,0
DA:58,0
DA:61,0
DA:65,0
DA:66,0
DA:67,0
DA:68,0
DA:69,0
DA:73,0
DA:74,0
DA:75,0
DA:76,0
DA:77,0
DA:83,0
DA:84,0
DA:85,0
DA:86,0
DA:87,0
DA:89,0
LF:47
LH:1
end_of_record
SF:lib\common\feedback\common_loader.dart
DA:7,3
DA:8,2
DA:10,2
DA:11,2
DA:12,2
DA:13,2
DA:14,2
DA:15,5
LF:8
LH:8
end_of_record
SF:lib\common\feedback\harm_reduction_banner.dart
DA:17,2
DA:26,2
DA:27,2
DA:33,2
DA:35,2
DA:36,2
DA:39,2
DA:40,4
DA:41,4
DA:42,4
DA:44,2
DA:45,4
DA:46,2
DA:47,2
DA:51,3
DA:55,1
DA:56,2
DA:57,4
DA:59,1
DA:60,3
DA:61,3
DA:65,2
DA:67,4
DA:68,2
DA:69,2
DA:70,2
DA:71,2
DA:72,2
DA:73,4
DA:74,4
DA:75,2
DA:76,4
DA:77,4
DA:78,6
DA:80,2
DA:82,2
DA:83,2
DA:84,2
DA:85,4
DA:86,4
DA:87,2
DA:88,2
DA:90,6
DA:91,2
DA:96,4
DA:97,2
DA:98,4
DA:99,2
DA:106,4
DA:107,2
DA:108,4
DA:109,8
LF:52
LH:52
end_of_record
SF:lib\common\inputs\dropdown.dart
DA:19,5
DA:30,5
DA:32,5
DA:33,5
DA:34,10
DA:35,5
DA:36,5
DA:39,5
DA:41,25
DA:42,10
DA:43,5
DA:45,10
DA:46,5
DA:48,5
DA:49,0
DA:50,5
DA:51,18
DA:52,25
DA:55,5
DA:56,10
DA:57,5
DA:58,5
DA:59,5
DA:60,15
DA:61,15
DA:63,5
DA:64,15
DA:65,15
DA:67,5
DA:68,15
DA:69,15
DA:71,5
DA:72,15
DA:73,15
DA:76,15
DA:77,5
DA:78,10
DA:79,10
DA:82,25
DA:83,10
DA:84,15
LF:41
LH:40
end_of_record
SF:lib\common\inputs\emotion_selector.dart
DA:14,1
DA:20,1
DA:22,1
DA:23,1
DA:26,1
DA:27,1
DA:29,1
DA:31,2
DA:32,2
DA:33,1
DA:34,1
DA:35,2
DA:39,2
DA:40,2
DA:41,1
LF:15
LH:15
end_of_record
SF:lib\common\inputs\filter_widget.dart
DA:34,2
DA:60,0
DA:62,0
DA:63,0
DA:64,0
DA:65,0
DA:67,0
DA:69,0
DA:70,0
DA:72,0
DA:74,0
DA:77,0
DA:78,0
DA:79,0
DA:80,0
DA:81,0
DA:83,0
DA:84,0
DA:87,0
DA:88,0
DA:89,0
DA:91,0
DA:92,0
DA:95,0
DA:96,0
DA:97,0
DA:99,0
DA:100,0
DA:103,0
DA:104,0
DA:105,0
DA:107,0
DA:108,0
DA:113,0
DA:116,0
DA:118,0
DA:120,0
DA:123,0
DA:124,0
DA:125,0
DA:126,0
DA:127,0
DA:128,0
DA:129,0
DA:130,0
DA:132,0
DA:133,0
DA:134,0
DA:136,0
DA:138,0
DA:139,0
DA:140,0
DA:141,0
DA:142,0
DA:151,0
DA:152,0
DA:154,0
DA:155,0
DA:156,0
DA:157,0
DA:159,0
DA:160,0
DA:162,0
DA:163,0
DA:164,0
DA:165,0
DA:167,0
DA:168,0
DA:170,0
DA:171,0
DA:172,0
DA:173,0
DA:175,0
DA:176,0
DA:178,0
DA:179,0
DA:180,0
DA:181,0
DA:183,0
DA:184,0
DA:186,0
DA:187,0
DA:188,0
DA:189,0
DA:191,0
DA:193,0
DA:195,0
DA:197,0
DA:200,0
DA:201,0
DA:202,0
DA:206,0
DA:207,0
DA:208,0
DA:210,0
DA:211,0
DA:212,0
DA:213,0
DA:214,0
DA:226,0
DA:231,0
DA:233,0
DA:234,0
DA:235,0
DA:237,0
DA:238,0
DA:240,0
DA:241,0
DA:242,0
DA:243,0
DA:245,0
DA:246,0
DA:247,0
DA:248,0
DA:249,0
DA:250,0
DA:251,0
DA:252,0
DA:253,0
DA:256,0
DA:257,0
DA:258,0
DA:259,0
DA:260,0
DA:261,0
DA:279,0
DA:289,0
DA:291,0
DA:292,0
DA:293,0
DA:294,0
DA:296,0
DA:297,0
DA:299,0
DA:300,0
DA:301,0
DA:302,0
DA:303,0
DA:304,0
DA:306,0
DA:309,0
DA:311,0
DA:312,0
DA:313,0
DA:316,0
DA:318,0
DA:320,0
DA:322,0
DA:323,0
DA:324,0
DA:325,0
DA:332,0
DA:333,0
DA:334,0
DA:335,0
DA:336,0
DA:338,0
DA:339,0
DA:340,0
DA:341,0
DA:343,0
DA:345,0
DA:349,0
DA:350,0
DA:351,0
DA:352,0
DA:353,0
DA:355,0
DA:357,0
DA:358,0
DA:359,0
DA:362,0
DA:363,0
DA:364,0
DA:365,0
DA:366,0
DA:369,0
DA:370,0
DA:371,0
DA:374,0
LF:180
LH:1
end_of_record
SF:lib\common\inputs\slider.dart
DA:20,2
DA:32,2
DA:34,2
DA:35,4
DA:36,6
DA:39,2
DA:40,2
DA:41,2
DA:42,2
DA:43,2
DA:44,4
DA:47,2
DA:48,6
DA:49,4
DA:55,2
DA:56,2
DA:57,2
DA:58,2
DA:59,2
DA:60,8
DA:61,2
LF:21
LH:21
end_of_record
SF:lib\common\inputs\switch_tile.dart
DA:18,4
DA:27,4
DA:29,4
DA:30,8
DA:31,4
DA:32,4
DA:33,12
DA:34,12
DA:35,4
DA:36,12
DA:37,4
DA:40,4
DA:41,4
DA:42,4
DA:43,12
DA:44,4
DA:45,8
DA:48,4
DA:49,1
DA:50,1
DA:51,3
DA:52,2
DA:56,4
DA:57,8
LF:24
LH:24
end_of_record
SF:lib\common\inputs\textarea.dart
DA:20,4
DA:32,4
DA:34,4
DA:35,4
DA:36,4
DA:37,4
DA:38,4
DA:39,4
DA:40,4
DA:41,4
DA:42,4
DA:45,4
DA:46,4
DA:47,4
DA:48,12
DA:49,12
DA:51,4
DA:52,12
DA:53,12
DA:55,4
DA:56,12
DA:57,12
DA:59,4
DA:60,12
DA:61,12
DA:63,4
DA:64,12
DA:65,12
DA:67,4
DA:68,12
DA:69,12
DA:72,12
DA:75,20
DA:76,8
LF:34
LH:34
end_of_record
SF:lib\common\layout\common_bottom_bar.dart
DA:14,1
DA:15,1
DA:17,1
DA:18,1
DA:19,4
DA:20,1
DA:21,2
DA:22,4
DA:23,1
DA:24,1
DA:25,1
DA:31,1
LF:12
LH:12
end_of_record
SF:lib\common\layout\common_drawer.dart
DA:17,1
DA:18,0
DA:19,0
DA:26,0
DA:28,0
DA:30,0
DA:31,0
DA:32,0
DA:35,0
DA:38,0
DA:39,0
DA:40,0
DA:41,0
DA:45,0
DA:47,0
DA:48,0
DA:51,0
DA:52,0
DA:53,0
DA:56,0
DA:57,0
DA:60,0
DA:62,0
DA:63,0
DA:65,0
DA:66,0
DA:72,0
DA:78,0
DA:84,0
DA:90,0
DA:98,0
DA:99,0
DA:105,0
DA:111,0
DA:119,0
DA:120,0
DA:126,0
DA:132,0
DA:138,0
DA:145,0
DA:146,0
DA:149,0
DA:150,0
DA:152,0
DA:154,0
DA:155,0
DA:157,0
DA:159,0
DA:160,0
DA:162,0
DA:163,0
DA:164,0
DA:165,0
DA:166,0
DA:168,0
DA:170,0
DA:171,0
DA:173,0
DA:175,0
DA:176,0
DA:177,0
DA:179,0
DA:182,0
DA:183,0
DA:184,0
DA:186,0
DA:189,0
DA:190,0
DA:191,0
DA:193,0
DA:196,0
DA:198,0
DA:200,0
DA:206,0
DA:208,0
DA:210,0
DA:216,0
DA:222,0
DA:228,0
DA:233,0
DA:238,0
DA:239,0
DA:241,0
DA:243,0
DA:244,0
DA:245,0
DA:246,0
DA:249,0
DA:250,0
DA:251,0
DA:253,0
DA:266,0
DA:267,0
DA:268,0
DA:270,0
DA:271,0
DA:272,0
DA:273,0
DA:274,0
DA:276,0
DA:277,0
DA:280,0
DA:283,0
DA:284,0
DA:286,0
DA:289,0
DA:290,0
DA:292,0
DA:293,0
DA:294,0
DA:295,0
DA:297,0
DA:302,0
DA:304,0
DA:306,0
DA:310,0
DA:312,0
DA:313,0
DA:324,0
DA:325,0
DA:326,0
DA:328,0
DA:329,0
DA:330,0
DA:331,0
DA:332,0
DA:334,0
DA:335,0
DA:337,0
DA:339,0
DA:342,0
DA:344,0
DA:350,0
DA:351,0
DA:353,0
DA:355,0
DA:357,0
DA:358,0
DA:359,0
DA:361,0
DA:370,0
DA:371,0
DA:372,0
DA:374,0
DA:375,0
DA:376,0
DA:378,0
DA:379,0
DA:383,0
DA:385,0
DA:386,0
DA:387,0
DA:389,0
DA:391,0
DA:393,0
DA:397,0
DA:398,0
DA:399,0
LF:158
LH:1
end_of_record
SF:lib\constants\config\feature_flags.dart
DA:6,0
DA:101,1
DA:102,1
LF:3
LH:2
end_of_record
SF:lib\routes\app_routes.dart
DA:31,0
DA:32,0
DA:34,0
DA:35,0
DA:36,0
DA:37,0
DA:38,0
DA:40,0
DA:41,0
DA:44,0
DA:46,0
DA:47,0
DA:50,0
DA:51,0
DA:54,0
DA:55,0
DA:57,0
DA:58,0
DA:59,0
DA:60,0
DA:61,0
DA:62,0
DA:63,0
DA:64,0
DA:65,0
DA:66,0
DA:68,0
LF:27
LH:0
end_of_record
SF:lib\services\feature_flag_service.dart
DA:13,1
DA:20,1
DA:21,1
DA:22,1
DA:23,1
DA:24,1
DA:25,1
DA:26,2
DA:29,1
DA:30,1
DA:31,1
DA:32,1
DA:33,0
DA:34,1
DA:35,1
DA:51,3
DA:52,2
DA:53,1
DA:56,0
DA:74,2
DA:77,2
DA:80,2
DA:83,4
DA:90,0
DA:91,0
DA:92,0
DA:93,0
DA:94,0
DA:96,0
DA:97,0
DA:98,0
DA:99,0
DA:100,0
DA:101,0
DA:102,0
DA:103,0
DA:104,0
DA:106,0
DA:107,0
DA:109,0
DA:111,0
DA:112,0
DA:113,0
DA:115,0
DA:117,0
DA:118,0
DA:123,0
DA:124,0
DA:125,0
DA:138,1
DA:144,1
DA:145,1
DA:149,0
DA:152,0
DA:155,0
DA:159,1
DA:160,2
DA:164,1
DA:165,2
DA:166,1
DA:175,0
DA:177,0
DA:178,0
DA:179,0
DA:180,0
DA:182,0
DA:184,0
DA:186,0
DA:188,0
DA:189,0
DA:191,0
DA:194,0
DA:195,0
DA:202,0
LF:74
LH:29
end_of_record
SF:lib\constants\data\graph_constants.dart
DA:3,0
LF:1
LH:0
end_of_record
SF:lib\constants\strings\app_strings.dart
DA:2,0
LF:1
LH:0
end_of_record
SF:lib\features\activity\activity_page.dart
DA:23,1
DA:24,0
DA:25,0
DA:34,0
DA:36,0
DA:37,0
DA:38,0
DA:41,0
DA:43,0
DA:44,0
DA:47,0
DA:49,0
DA:50,0
DA:51,0
DA:52,0
DA:53,0
DA:57,0
DA:58,0
DA:59,0
DA:60,0
DA:66,0
DA:68,0
DA:69,0
DA:70,0
DA:71,0
DA:72,0
DA:74,0
DA:76,0
DA:77,0
DA:78,0
DA:79,0
DA:81,0
DA:83,0
DA:86,0
DA:87,0
DA:88,0
DA:89,0
DA:90,0
DA:91,0
DA:92,0
DA:93,0
DA:95,0
DA:100,0
DA:101,0
DA:103,0
DA:108,0
DA:109,0
DA:111,0
DA:120,0
DA:122,0
DA:123,0
DA:124,0
DA:125,0
DA:126,0
DA:127,0
DA:133,0
DA:134,0
DA:135,0
DA:137,0
DA:138,0
DA:140,0
DA:141,0
DA:143,0
DA:147,0
DA:148,0
DA:149,0
DA:151,0
DA:152,0
DA:154,0
DA:155,0
DA:157,0
DA:161,0
DA:162,0
DA:163,0
DA:165,0
DA:166,0
DA:167,0
DA:169,0
DA:170,0
DA:172,0
DA:176,0
DA:177,0
DA:178,0
DA:185,0
DA:191,0
DA:192,0
DA:193,0
DA:194,0
DA:198,0
DA:204,0
DA:205,0
DA:206,0
DA:208,0
DA:209,0
DA:210,0
DA:211,0
DA:212,0
DA:213,0
DA:214,0
DA:216,0
DA:219,0
DA:222,0
DA:223,0
DA:224,0
DA:225,0
DA:226,0
LF:106
LH:1
end_of_record
SF:lib\features\activity\widgets\activity\activity_drug_use_tab.dart
DA:15,0
DA:21,0
DA:22,0
DA:23,0
DA:25,0
DA:27,0
DA:31,0
DA:33,0
DA:34,0
DA:35,0
DA:42,0
DA:43,0
DA:44,0
DA:45,0
DA:46,0
DA:47,0
DA:48,0
DA:49,0
DA:50,0
DA:51,0
DA:52,0
DA:54,0
DA:55,0
DA:57,0
DA:61,0
DA:62,0
DA:63,0
LF:27
LH:0
end_of_record
SF:lib\features\activity\widgets\activity\activity_cravings_tab.dart
DA:15,0
DA:21,0
DA:22,0
DA:23,0
DA:25,0
DA:27,0
DA:31,0
DA:33,0
DA:34,0
DA:35,0
DA:42,0
DA:43,0
DA:44,0
DA:45,0
DA:46,0
DA:47,0
DA:48,0
DA:49,0
DA:50,0
DA:51,0
DA:52,0
DA:53,0
DA:54,0
DA:56,0
DA:59,0
DA:60,0
DA:61,0
DA:69,0
DA:70,0
DA:71,0
DA:72,0
DA:73,0
LF:32
LH:0
end_of_record
SF:lib\features\activity\widgets\activity\activity_reflections_tab.dart
DA:15,0
DA:21,0
DA:22,0
DA:23,0
DA:25,0
DA:27,0
DA:31,0
DA:33,0
DA:34,0
DA:35,0
DA:42,0
DA:43,0
DA:44,0
DA:45,0
DA:46,0
DA:47,0
DA:48,0
DA:49,0
DA:50,0
DA:51,0
DA:52,0
DA:53,0
DA:56,0
DA:59,0
DA:60,0
LF:25
LH:0
end_of_record
SF:lib\features\activity\widgets\activity\activity_delete_dialog.dart
DA:12,0
DA:13,0
DA:14,0
DA:16,0
DA:21,0
DA:23,0
DA:24,0
DA:25,0
DA:26,0
DA:27,0
DA:28,0
DA:29,0
DA:30,0
DA:31,0
DA:33,0
DA:35,0
DA:37,0
DA:38,0
DA:39,0
DA:41,0
DA:43,0
DA:44,0
DA:45,0
DA:48,0
DA:50,0
DA:51,0
DA:52,0
LF:27
LH:0
end_of_record
SF:lib\features\activity\widgets\activity\activity_detail_helpers.dart
DA:17,0
DA:23,0
DA:24,0
DA:27,0
DA:28,0
DA:29,0
DA:31,0
DA:32,0
DA:33,0
DA:34,0
DA:36,0
DA:38,0
DA:40,0
DA:42,0
DA:44,0
DA:45,0
DA:48,0
DA:49,0
DA:50,0
DA:51,0
DA:53,0
DA:54,0
DA:55,0
DA:57,0
DA:58,0
DA:60,0
DA:61,0
DA:70,0
DA:76,0
DA:77,0
DA:80,0
DA:81,0
DA:82,0
DA:83,0
DA:85,0
DA:86,0
DA:87,0
DA:90,0
DA:92,0
DA:94,0
DA:96,0
DA:98,0
DA:99,0
DA:102,0
DA:103,0
DA:104,0
DA:106,0
DA:107,0
DA:108,0
DA:110,0
DA:111,0
DA:113,0
DA:115,0
DA:116,0
DA:117,0
DA:128,0
DA:134,0
DA:135,0
DA:138,0
DA:139,0
DA:142,0
DA:143,0
DA:144,0
DA:146,0
DA:147,0
DA:150,0
DA:151,0
DA:152,0
DA:154,0
DA:155,0
DA:156,0
DA:158,0
DA:159,0
DA:161,0
DA:163,0
DA:164,0
DA:165,0
LF:77
LH:0
end_of_record
SF:lib\features\activity\widgets\activity\activity_helpers.dart
DA:13,0
DA:14,0
DA:15,0
DA:16,0
DA:22,0
DA:23,0
DA:24,0
DA:25,0
DA:26,0
DA:27,0
DA:31,0
DA:34,0
DA:35,0
DA:36,0
DA:38,0
DA:40,0
DA:41,0
DA:42,0
DA:43,0
DA:44,0
DA:45,0
DA:47,0
DA:49,0
DA:50,0
DA:51,0
DA:58,0
DA:60,0
DA:62,0
DA:64,0
LF:29
LH:0
end_of_record
SF:lib\features\activity\services\activity_service.dart
DA:8,1
DA:9,0
DA:10,0
DA:11,1
DA:13,1
DA:14,2
DA:16,1
DA:18,1
DA:21,1
DA:22,1
DA:23,1
DA:24,1
DA:25,1
DA:27,1
DA:28,2
DA:29,2
DA:31,1
DA:37,1
DA:38,1
DA:39,1
DA:40,1
DA:41,1
DA:43,1
DA:44,2
DA:45,2
DA:47,1
DA:53,1
DA:54,1
DA:55,1
DA:56,1
DA:60,1
DA:62,1
DA:63,2
DA:64,2
DA:66,1
DA:70,1
DA:76,1
LF:37
LH:35
end_of_record
SF:lib\features\activity\widgets\activity\activity_card.dart
DA:21,0
DA:31,0
DA:33,0
DA:34,0
DA:35,0
DA:36,0
DA:37,0
DA:38,0
DA:39,0
DA:40,0
DA:42,0
DA:43,0
DA:44,0
DA:45,0
DA:46,0
DA:47,0
DA:48,0
DA:51,0
DA:53,0
DA:55,0
DA:57,0
DA:58,0
DA:60,0
DA:62,0
DA:63,0
DA:64,0
DA:65,0
DA:66,0
DA:67,0
DA:68,0
DA:69,0
DA:73,0
DA:74,0
DA:75,0
DA:76,0
DA:77,0
DA:79,0
DA:80,0
DA:81,0
DA:82,0
DA:83,0
DA:86,0
DA:87,0
DA:88,0
DA:89,0
DA:90,0
DA:96,0
DA:98,0
DA:99,0
DA:100,0
DA:104,0
DA:105,0
DA:106,0
DA:107,0
DA:108,0
DA:110,0
DA:111,0
DA:113,0
DA:114,0
DA:115,0
DA:116,0
DA:124,0
DA:125,0
DA:126,0
DA:128,0
DA:129,0
DA:138,0
DA:139,0
DA:140,0
DA:141,0
DA:142,0
DA:143,0
DA:144,0
DA:145,0
LF:74
LH:0
end_of_record
SF:lib\features\activity\widgets\activity\activity_empty_state.dart
DA:15,1
DA:21,0
DA:23,0
DA:24,0
DA:25,0
DA:26,0
DA:27,0
DA:28,0
DA:29,0
DA:31,0
DA:32,0
DA:33,0
DA:34,0
DA:35,0
DA:37,0
DA:38,0
DA:39,0
DA:40,0
DA:43,0
DA:44,0
DA:45,0
DA:46,0
LF:22
LH:1
end_of_record
SF:lib\features\activity\widgets\activity\activity_detail_sheet.dart
DA:20,0
DA:29,0
DA:31,0
DA:32,0
DA:33,0
DA:34,0
DA:35,0
DA:36,0
DA:37,0
DA:38,0
DA:39,0
DA:40,0
DA:42,0
DA:44,0
DA:46,0
DA:47,0
DA:48,0
DA:49,0
DA:50,0
DA:51,0
DA:52,0
DA:53,0
DA:60,0
DA:61,0
DA:62,0
DA:63,0
DA:65,0
DA:66,0
DA:67,0
DA:68,0
DA:69,0
DA:70,0
DA:71,0
DA:76,0
DA:77,0
DA:78,0
DA:79,0
DA:80,0
DA:81,0
DA:83,0
DA:84,0
DA:85,0
DA:86,0
DA:87,0
DA:88,0
DA:89,0
DA:90,0
DA:91,0
DA:92,0
DA:93,0
DA:96,0
DA:98,0
DA:100,0
DA:101,0
DA:102,0
DA:103,0
DA:104,0
DA:112,0
DA:113,0
DA:114,0
DA:115,0
DA:116,0
DA:118,0
DA:119,0
DA:120,0
DA:122,0
DA:123,0
DA:124,0
DA:125,0
DA:126,0
DA:128,0
DA:129,0
DA:130,0
DA:131,0
DA:133,0
DA:134,0
DA:136,0
DA:139,0
DA:140,0
DA:141,0
DA:142,0
DA:143,0
DA:147,0
DA:148,0
DA:149,0
DA:150,0
DA:152,0
DA:153,0
DA:160,0
DA:165,0
DA:166,0
DA:167,0
DA:169,0
DA:170,0
DA:171,0
DA:172,0
DA:174,0
DA:175,0
DA:176,0
DA:179,0
DA:180,0
DA:183,0
DA:186,0
DA:188,0
DA:189,0
DA:192,0
DA:193,0
DA:207,0
LF:108
LH:0
end_of_record
SF:lib\features\edit_log_entry\edit_log_entry_page.dart
DA:21,1
DA:22,1
DA:23,1
DA:37,1
DA:39,1
DA:40,3
DA:41,3
DA:42,2
DA:43,4
DA:44,5
DA:45,4
DA:46,2
DA:47,0
DA:49,3
DA:50,3
DA:52,5
DA:55,2
DA:56,0
DA:57,0
DA:58,0
DA:61,3
DA:64,1
DA:66,1
DA:67,1
DA:68,2
DA:69,3
DA:72,3
DA:73,2
DA:75,2
DA:79,1
DA:80,1
DA:82,1
DA:83,1
DA:84,1
DA:85,1
DA:86,1
DA:87,1
DA:88,1
DA:89,1
DA:90,2
DA:91,2
DA:92,1
DA:93,1
DA:94,1
DA:95,1
DA:96,1
DA:97,1
DA:100,4
DA:101,0
DA:106,1
DA:108,2
DA:109,2
DA:110,2
DA:111,2
DA:112,1
DA:115,1
DA:116,1
DA:117,0
DA:118,0
DA:122,2
DA:123,1
DA:124,2
DA:125,3
DA:130,1
DA:131,3
DA:132,0
DA:135,3
DA:136,1
DA:137,0
DA:138,0
DA:139,0
DA:143,3
DA:144,1
DA:145,0
DA:146,0
DA:147,0
DA:151,3
DA:152,1
DA:153,1
DA:154,1
DA:155,1
DA:159,0
DA:160,0
DA:161,0
DA:162,0
DA:163,0
DA:167,0
DA:168,0
DA:169,0
DA:170,0
DA:171,0
DA:172,0
DA:173,0
DA:176,0
DA:180,0
DA:181,0
DA:182,0
DA:183,0
DA:184,0
DA:187,0
DA:188,0
DA:189,0
DA:192,0
DA:193,0
DA:194,0
DA:200,0
DA:201,0
DA:202,0
DA:203,0
DA:207,0
DA:208,0
DA:209,0
DA:210,0
DA:211,0
DA:216,0
DA:217,0
DA:218,0
DA:219,0
DA:220,0
DA:221,0
DA:222,0
DA:223,0
DA:224,0
DA:232,1
DA:233,1
DA:234,1
DA:235,2
DA:236,1
DA:237,1
DA:238,1
DA:239,1
DA:240,0
DA:243,1
DA:244,0
DA:253,1
DA:255,1
DA:257,1
DA:258,1
DA:259,1
DA:260,1
DA:261,1
DA:262,1
DA:263,0
DA:264,0
DA:268,1
DA:269,1
DA:270,1
DA:271,1
DA:272,1
DA:273,1
DA:274,1
DA:275,1
DA:276,2
DA:277,1
DA:278,1
DA:279,2
DA:280,2
DA:281,2
DA:282,2
DA:283,2
DA:284,2
DA:285,2
DA:286,2
DA:287,2
DA:288,2
DA:289,2
DA:290,2
DA:291,2
DA:292,2
DA:293,2
DA:294,2
DA:295,1
DA:296,1
DA:297,1
DA:298,2
DA:299,4
DA:301,0
DA:302,0
DA:304,0
DA:305,0
DA:307,0
DA:308,0
DA:310,0
DA:311,0
DA:313,0
DA:314,0
DA:318,0
DA:319,0
DA:321,0
DA:322,0
DA:324,0
DA:325,0
DA:327,0
DA:328,0
DA:330,0
DA:331,0
DA:332,0
DA:334,0
DA:335,0
DA:336,0
DA:338,0
DA:339,0
DA:341,0
DA:342,0
DA:344,0
DA:345,0
DA:347,1
DA:352,1
DA:353,1
DA:354,1
DA:362,2
LF:211
LH:121
end_of_record
SF:lib\features\edit_craving\edit_craving_page.dart
DA:25,0
DA:26,0
DA:27,0
DA:50,0
DA:52,0
DA:53,0
DA:54,0
DA:57,0
DA:58,0
DA:60,0
DA:61,0
DA:62,0
DA:64,0
DA:66,0
DA:68,0
DA:70,0
DA:73,0
DA:75,0
DA:76,0
DA:77,0
DA:81,0
DA:82,0
DA:83,0
DA:85,0
DA:86,0
DA:87,0
DA:90,0
DA:91,0
DA:93,0
DA:96,0
DA:97,0
DA:99,0
DA:100,0
DA:101,0
DA:104,0
DA:106,0
DA:108,0
DA:111,0
DA:113,0
DA:115,0
DA:117,0
DA:119,0
DA:121,0
DA:123,0
DA:124,0
DA:126,0
DA:127,0
DA:128,0
DA:130,0
DA:131,0
DA:132,0
DA:133,0
DA:135,0
DA:136,0
DA:137,0
DA:139,0
DA:140,0
DA:141,0
DA:142,0
DA:147,0
DA:149,0
DA:150,0
DA:152,0
DA:154,0
DA:157,0
DA:158,0
DA:159,0
DA:160,0
DA:163,0
DA:164,0
DA:168,0
DA:169,0
DA:174,0
DA:175,0
DA:176,0
DA:178,0
DA:180,0
DA:183,0
DA:184,0
DA:185,0
DA:187,0
DA:188,0
DA:189,0
DA:190,0
DA:191,0
DA:192,0
DA:194,0
DA:195,0
DA:196,0
DA:197,0
DA:198,0
DA:199,0
DA:200,0
DA:201,0
DA:203,0
DA:204,0
DA:206,0
DA:208,0
DA:209,0
DA:210,0
DA:211,0
DA:214,0
DA:217,0
DA:218,0
DA:219,0
DA:220,0
DA:223,0
DA:224,0
DA:228,0
DA:229,0
DA:234,0
DA:236,0
DA:237,0
DA:238,0
DA:239,0
DA:240,0
DA:241,0
DA:243,0
DA:244,0
DA:245,0
DA:246,0
DA:247,0
DA:249,0
DA:250,0
DA:251,0
DA:252,0
DA:253,0
DA:254,0
DA:255,0
DA:256,0
DA:257,0
DA:258,0
DA:259,0
DA:260,0
DA:261,0
DA:262,0
DA:264,0
DA:265,0
DA:266,0
DA:267,0
DA:268,0
DA:269,0
DA:270,0
DA:271,0
DA:272,0
DA:273,0
DA:274,0
DA:276,0
DA:277,0
DA:278,0
DA:279,0
DA:280,0
DA:281,0
DA:283,0
DA:284,0
DA:285,0
DA:286,0
DA:287,0
DA:288,0
DA:289,0
DA:290,0
DA:292,0
LF:162
LH:0
end_of_record
SF:lib\features\edit_reflection\edit_reflection_page.dart
DA:20,1
DA:25,1
DA:26,1
DA:34,1
DA:36,1
DA:37,3
DA:38,4
DA:39,1
DA:42,1
DA:43,3
DA:46,4
DA:47,0
DA:49,1
DA:51,1
DA:53,1
DA:54,0
DA:59,2
DA:61,0
DA:63,1
DA:65,4
DA:67,1
DA:68,3
DA:70,0
DA:71,0
DA:72,0
DA:73,0
DA:74,0
DA:76,0
DA:77,0
DA:78,0
DA:82,0
DA:83,0
DA:84,0
DA:85,0
DA:88,0
DA:89,0
DA:93,1
DA:94,3
DA:99,0
DA:100,0
DA:101,0
DA:103,0
DA:105,0
DA:108,0
DA:109,0
DA:110,0
DA:111,0
DA:112,0
DA:113,0
DA:114,0
DA:115,0
DA:116,0
DA:117,0
DA:118,0
DA:119,0
DA:120,0
DA:121,0
DA:123,0
DA:125,0
DA:127,0
DA:128,0
DA:131,0
DA:132,0
DA:133,0
DA:136,0
DA:138,0
DA:139,0
DA:140,0
DA:141,0
DA:142,0
DA:145,0
DA:148,0
DA:149,0
DA:150,0
DA:151,0
DA:152,0
DA:154,0
DA:155,0
DA:156,0
DA:160,0
DA:161,0
DA:162,0
DA:163,0
DA:166,0
DA:167,0
DA:171,0
DA:172,0
DA:178,0
DA:191,0
DA:192,0
DA:193,0
DA:194,0
DA:195,0
DA:196,0
DA:197,0
DA:198,0
DA:199,0
DA:200,0
DA:201,0
DA:202,0
DA:203,0
DA:204,0
DA:205,0
DA:206,0
DA:207,0
DA:208,0
DA:213,1
DA:215,1
DA:216,1
DA:217,1
DA:218,1
DA:219,3
DA:221,1
DA:222,3
DA:223,1
DA:224,3
DA:225,2
DA:226,0
DA:227,0
DA:228,2
DA:229,0
DA:230,3
DA:232,0
DA:233,0
DA:234,0
DA:235,2
DA:236,0
DA:237,3
DA:239,0
DA:240,0
DA:241,2
DA:242,0
DA:243,2
DA:244,0
DA:245,0
DA:246,2
DA:247,0
DA:248,0
DA:249,2
DA:250,0
DA:251,0
DA:252,2
DA:253,0
DA:254,0
DA:255,2
DA:256,0
DA:257,1
LF:147
LH:43
end_of_record
SF:lib\features\admin\screens\admin_panel_screen.dart
DA:23,1
DA:24,0
DA:25,0
DA:38,0
DA:40,0
DA:41,0
DA:44,0
DA:46,0
DA:47,0
DA:48,0
DA:49,0
DA:53,0
DA:54,0
DA:56,0
DA:57,0
DA:59,0
DA:64,0
DA:65,0
DA:66,0
DA:70,0
DA:71,0
DA:73,0
DA:74,0
DA:75,0
DA:76,0
DA:77,0
DA:78,0
DA:79,0
DA:80,0
DA:81,0
DA:82,0
DA:83,0
DA:86,0
DA:90,0
DA:92,0
DA:93,0
DA:94,0
DA:95,0
DA:97,0
DA:104,0
DA:107,0
DA:108,0
DA:109,0
DA:110,0
DA:111,0
DA:114,0
DA:115,0
DA:116,0
DA:121,0
DA:123,0
DA:127,0
DA:132,0
DA:133,0
DA:134,0
DA:136,0
DA:143,0
DA:145,0
DA:146,0
DA:147,0
DA:148,0
DA:150,0
DA:151,0
DA:153,0
DA:158,0
DA:159,0
DA:160,0
DA:162,0
DA:169,0
DA:171,0
DA:172,0
DA:173,0
DA:174,0
DA:176,0
DA:177,0
DA:179,0
DA:184,0
DA:185,0
DA:186,0
DA:188,0
DA:195,0
DA:197,0
DA:198,0
DA:199,0
DA:200,0
DA:202,0
DA:203,0
DA:205,0
DA:210,0
DA:211,0
DA:212,0
DA:214,0
DA:221,0
DA:224,0
DA:225,0
DA:226,0
DA:227,0
DA:228,0
DA:230,0
DA:231,0
DA:235,0
DA:236,0
DA:241,0
DA:242,0
DA:243,0
DA:245,0
DA:252,0
DA:254,0
DA:255,0
DA:256,0
DA:257,0
DA:258,0
DA:259,0
DA:261,0
DA:263,0
DA:264,0
DA:265,0
DA:266,0
DA:267,0
DA:268,0
DA:270,0
DA:272,0
DA:273,0
DA:274,0
DA:275,0
DA:277,0
DA:279,0
DA:280,0
DA:281,0
DA:282,0
DA:283,0
DA:284,0
DA:286,0
DA:288,0
DA:289,0
DA:290,0
DA:291,0
LF:136
LH:1
end_of_record
SF:lib\features\admin\services\admin_service.dart
DA:6,1
DA:7,0
DA:11,1
DA:12,2
DA:14,1
DA:19,1
DA:20,1
DA:21,1
DA:22,0
DA:23,0
DA:25,0
DA:29,0
DA:30,0
DA:31,0
DA:32,0
DA:33,0
DA:35,0
DA:40,0
DA:42,0
DA:44,0
DA:45,0
DA:46,0
DA:47,0
DA:48,0
DA:50,0
DA:53,0
DA:55,0
DA:57,0
DA:58,0
DA:59,0
DA:63,0
DA:65,0
DA:67,0
DA:68,0
DA:69,0
DA:70,0
DA:71,0
DA:72,0
DA:74,0
DA:77,0
DA:78,0
DA:79,0
DA:80,0
DA:81,0
DA:82,0
DA:83,0
DA:84,0
DA:85,0
DA:86,0
DA:88,0
DA:91,0
DA:94,0
DA:96,0
DA:98,0
DA:99,0
DA:100,0
DA:101,0
DA:102,0
DA:103,0
DA:105,0
DA:108,0
DA:110,0
DA:112,0
DA:113,0
DA:114,0
DA:115,0
DA:116,0
DA:117,0
DA:119,0
DA:122,0
DA:124,0
DA:125,0
DA:127,0
DA:128,0
DA:129,0
DA:130,0
DA:133,0
DA:137,0
DA:138,0
DA:139,0
DA:140,0
DA:141,0
DA:142,0
DA:143,0
DA:145,0
DA:147,0
DA:149,0
DA:152,0
DA:154,0
DA:159,1
DA:165,1
DA:167,2
DA:168,1
DA:169,1
DA:170,2
DA:172,2
DA:174,1
DA:175,1
DA:177,1
DA:180,1
DA:186,1
DA:188,2
DA:189,1
DA:190,1
DA:191,2
DA:193,2
DA:195,1
DA:196,1
DA:198,1
DA:201,0
DA:207,1
DA:209,1
DA:211,3
DA:212,1
DA:214,2
DA:215,1
DA:216,1
DA:217,1
DA:218,2
DA:221,2
DA:222,2
DA:224,1
DA:225,1
DA:232,1
DA:233,1
DA:242,0
DA:244,0
DA:245,0
DA:246,0
DA:248,0
DA:249,0
DA:250,0
DA:253,0
DA:254,0
DA:257,0
DA:258,0
DA:259,0
DA:260,0
DA:261,0
DA:262,0
DA:263,0
DA:264,0
DA:268,0
DA:269,0
DA:270,0
DA:271,0
DA:273,0
DA:274,0
DA:275,0
DA:278,0
DA:279,0
DA:282,0
DA:283,0
DA:284,0
DA:285,0
DA:286,0
DA:290,0
DA:291,0
DA:304,1
DA:312,0
DA:313,0
DA:314,0
DA:317,1
DA:318,3
DA:321,0
DA:322,0
DA:324,0
DA:325,0
DA:327,0
DA:328,0
DA:333,1
DA:339,0
DA:341,0
DA:342,0
DA:343,0
DA:345,0
LF:176
LH:46
end_of_record
SF:lib\features\admin\widgets\stats\admin_stats_section.dart
DA:16,0
DA:22,0
DA:24,0
DA:25,0
DA:26,0
DA:27,0
DA:29,0
DA:30,0
DA:31,0
DA:33,0
DA:35,0
DA:36,0
DA:37,0
DA:38,0
DA:39,0
DA:42,0
DA:46,0
DA:47,0
DA:49,0
DA:50,0
DA:52,0
DA:54,0
DA:56,0
DA:58,0
DA:60,0
DA:62,0
DA:64,0
DA:66,0
DA:67,0
DA:69,0
DA:71,0
DA:73,0
DA:74,0
LF:33
LH:0
end_of_record
SF:lib\features\admin\widgets\users\admin_user_list.dart
DA:17,0
DA:23,0
DA:25,0
DA:26,0
DA:27,0
DA:28,0
DA:30,0
DA:32,0
DA:34,0
DA:35,0
DA:37,0
DA:39,0
DA:41,0
DA:42,0
DA:46,0
DA:47,0
DA:48,0
DA:49,0
DA:50,0
DA:51,0
DA:53,0
DA:58,0
DA:59,0
LF:23
LH:0
end_of_record
SF:lib\features\admin\widgets\app_bar\admin_app_bar.dart
DA:16,0
DA:21,0
DA:23,0
DA:24,0
DA:25,0
DA:26,0
DA:27,0
DA:29,0
DA:31,0
DA:32,0
DA:33,0
DA:34,0
DA:35,0
DA:36,0
DA:37,0
DA:38,0
DA:39,0
DA:44,0
DA:45,0
DA:47,0
DA:52,0
DA:57,0
DA:58,0
DA:60,0
DA:64,0
DA:66,0
DA:67,0
DA:68,0
DA:69,0
DA:70,0
DA:71,0
DA:73,0
DA:76,0
DA:77,0
DA:82,0
DA:87,0
LF:36
LH:0
end_of_record
SF:lib\features\admin\widgets\cache\cache_management_section.dart
DA:21,0
DA:29,0
DA:31,0
DA:32,0
DA:33,0
DA:34,0
DA:35,0
DA:36,0
DA:37,0
DA:38,0
DA:39,0
DA:40,0
DA:42,0
DA:44,0
DA:46,0
DA:47,0
DA:48,0
DA:49,0
DA:50,0
DA:52,0
DA:56,0
DA:59,0
DA:60,0
DA:61,0
DA:62,0
DA:63,0
DA:65,0
DA:67,0
DA:68,0
DA:70,0
DA:72,0
DA:74,0
DA:75,0
DA:76,0
DA:77,0
DA:79,0
DA:81,0
DA:83,0
DA:85,0
DA:86,0
DA:87,0
DA:88,0
DA:90,0
DA:92,0
DA:94,0
DA:99,0
DA:102,0
DA:103,0
DA:104,0
DA:105,0
DA:106,0
DA:109,0
DA:110,0
DA:114,0
DA:117,0
DA:120,0
DA:121,0
DA:125,0
DA:128,0
DA:131,0
DA:132,0
DA:134,0
DA:137,0
DA:138,0
DA:147,0
DA:153,0
DA:154,0
DA:155,0
DA:157,0
DA:159,0
DA:160,0
DA:161,0
DA:162,0
DA:163,0
DA:165,0
DA:166,0
DA:167,0
DA:168,0
DA:169,0
DA:170,0
DA:172,0
DA:175,0
DA:176,0
DA:177,0
DA:178,0
DA:181,0
DA:182,0
LF:87
LH:0
end_of_record
SF:lib\features\admin\screens\error_analytics_page.dart
DA:17,1
DA:18,0
DA:19,0
DA:28,0
DA:30,0
DA:31,0
DA:34,0
DA:35,0
DA:37,0
DA:38,0
DA:39,0
DA:40,0
DA:41,0
DA:44,0
DA:48,0
DA:50,0
DA:51,0
DA:52,0
DA:59,0
DA:61,0
DA:62,0
DA:63,0
DA:64,0
DA:65,0
DA:66,0
DA:67,0
DA:68,0
DA:69,0
DA:70,0
DA:71,0
DA:72,0
DA:73,0
DA:78,0
DA:79,0
DA:80,0
DA:81,0
DA:82,0
DA:85,0
DA:86,0
DA:87,0
DA:88,0
DA:96,0
DA:98,0
DA:104,0
DA:105,0
DA:109,0
DA:111,0
DA:112,0
DA:116,0
DA:120,0
DA:122,0
DA:123,0
DA:124,0
DA:131,0
DA:132,0
DA:133,0
DA:135,0
DA:139,0
DA:140,0
DA:141,0
DA:143,0
DA:144,0
DA:145,0
DA:147,0
DA:150,0
DA:152,0
DA:153,0
DA:154,0
DA:155,0
DA:156,0
DA:157,0
DA:159,0
DA:160,0
DA:161,0
DA:162,0
DA:163,0
DA:165,0
DA:166,0
DA:167,0
DA:168,0
DA:169,0
DA:170,0
DA:171,0
DA:174,0
DA:175,0
DA:182,0
DA:184,0
DA:185,0
DA:186,0
DA:187,0
DA:188,0
DA:189,0
DA:190,0
DA:191,0
DA:192,0
DA:193,0
LF:96
LH:1
end_of_record
SF:lib\features\admin\widgets\errors\error_analytics_section.dart
DA:19,0
DA:26,0
DA:27,0
DA:28,0
DA:30,0
DA:31,0
DA:32,0
DA:34,0
DA:37,0
DA:39,0
DA:40,0
DA:41,0
DA:42,0
DA:43,0
DA:44,0
DA:45,0
DA:46,0
DA:47,0
DA:48,0
DA:49,0
DA:50,0
DA:51,0
DA:52,0
DA:53,0
DA:55,0
DA:57,0
DA:59,0
DA:60,0
DA:61,0
DA:62,0
DA:63,0
DA:65,0
DA:68,0
DA:70,0
DA:71,0
DA:72,0
DA:73,0
DA:74,0
DA:77,0
DA:79,0
DA:85,0
DA:88,0
DA:89,0
DA:90,0
DA:91,0
DA:92,0
DA:95,0
DA:97,0
DA:99,0
DA:102,0
DA:104,0
DA:106,0
DA:109,0
DA:111,0
DA:115,0
DA:118,0
DA:119,0
DA:126,0
DA:127,0
DA:134,0
DA:135,0
DA:142,0
DA:143,0
DA:151,0
DA:152,0
DA:159,0
DA:162,0
DA:164,0
DA:166,0
DA:167,0
DA:168,0
DA:170,0
DA:173,0
DA:174,0
DA:175,0
DA:176,0
DA:177,0
DA:178,0
DA:182,0
DA:184,0
DA:185,0
DA:186,0
DA:188,0
DA:189,0
DA:190,0
DA:191,0
DA:192,0
DA:193,0
DA:194,0
DA:195,0
DA:196,0
DA:198,0
DA:199,0
DA:200,0
DA:202,0
DA:204,0
DA:205,0
DA:206,0
DA:210,0
DA:212,0
DA:213,0
DA:214,0
DA:217,0
DA:222,0
DA:223,0
DA:224,0
DA:226,0
DA:228,0
DA:230,0
DA:231,0
DA:232,0
DA:233,0
DA:234,0
DA:239,0
DA:246,0
DA:253,0
DA:254,0
DA:255,0
DA:256,0
DA:258,0
DA:259,0
DA:260,0
DA:261,0
DA:262,0
DA:263,0
DA:265,0
DA:267,0
DA:268,0
DA:269,0
DA:270,0
DA:271,0
DA:277,0
DA:285,0
DA:286,0
DA:287,0
DA:289,0
DA:291,0
DA:292,0
DA:293,0
DA:295,0
DA:296,0
DA:297,0
DA:298,0
DA:299,0
DA:301,0
DA:302,0
DA:304,0
DA:305,0
DA:308,0
DA:309,0
DA:311,0
DA:314,0
DA:315,0
DA:316,0
DA:322,0
LF:155
LH:0
end_of_record
SF:lib\features\admin\widgets\errors\error_cleanup_dialog.dart
DA:19,0
DA:24,0
DA:25,0
DA:33,0
DA:35,0
DA:36,0
DA:39,0
DA:41,0
DA:42,0
DA:43,0
DA:44,0
DA:45,0
DA:46,0
DA:47,0
DA:48,0
DA:49,0
DA:53,0
DA:55,0
DA:59,0
DA:60,0
DA:62,0
DA:64,0
DA:65,0
DA:66,0
DA:70,0
DA:72,0
DA:73,0
DA:78,0
DA:81,0
DA:82,0
DA:83,0
DA:85,0
DA:86,0
DA:88,0
DA:91,0
DA:92,0
DA:93,0
DA:95,0
DA:96,0
DA:104,0
DA:105,0
DA:106,0
DA:107,0
DA:109,0
DA:112,0
DA:113,0
DA:114,0
DA:115,0
DA:116,0
DA:118,0
DA:119,0
LF:51
LH:0
end_of_record
SF:lib\features\admin\widgets\errors\error_log_detail_dialog.dart
DA:18,0
DA:19,0
DA:20,0
DA:21,0
DA:23,0
DA:31,0
DA:33,0
DA:34,0
DA:35,0
DA:36,0
DA:37,0
DA:39,0
DA:41,0
DA:42,0
DA:43,0
DA:44,0
DA:46,0
DA:47,0
DA:48,0
DA:49,0
DA:50,0
DA:51,0
DA:53,0
DA:55,0
DA:56,0
DA:57,0
DA:59,0
DA:61,0
DA:62,0
DA:63,0
DA:64,0
DA:65,0
DA:66,0
DA:67,0
DA:68,0
DA:73,0
DA:76,0
DA:77,0
DA:78,0
DA:79,0
DA:80,0
DA:81,0
DA:82,0
DA:83,0
DA:84,0
DA:86,0
DA:87,0
DA:88,0
DA:90,0
DA:92,0
DA:95,0
DA:96,0
DA:103,0
DA:106,0
DA:110,0
DA:112,0
DA:115,0
DA:118,0
DA:120,0
DA:123,0
DA:125,0
DA:128,0
DA:130,0
DA:133,0
DA:135,0
DA:138,0
DA:140,0
DA:143,0
DA:145,0
DA:147,0
DA:148,0
DA:149,0
DA:150,0
DA:151,0
DA:152,0
DA:153,0
DA:154,0
DA:155,0
DA:157,0
DA:158,0
DA:164,0
DA:165,0
DA:166,0
DA:168,0
DA:170,0
DA:171,0
DA:172,0
DA:173,0
DA:174,0
DA:175,0
DA:176,0
DA:177,0
DA:178,0
DA:180,0
DA:181,0
DA:194,0
DA:195,0
DA:196,0
DA:197,0
DA:199,0
DA:200,0
DA:201,0
DA:203,0
DA:204,0
DA:205,0
DA:206,0
DA:207,0
DA:208,0
DA:211,0
DA:212,0
LF:110
LH:0
end_of_record
SF:lib\features\bug_report\bug_report_page.dart
DA:14,1
DA:15,0
DA:16,0
DA:37,0
DA:39,0
DA:40,0
DA:41,0
DA:42,0
DA:45,0
DA:46,0
DA:47,0
DA:49,0
DA:50,0
DA:51,0
DA:52,0
DA:54,0
DA:56,0
DA:57,0
DA:58,0
DA:59,0
DA:60,0
DA:62,0
DA:65,0
DA:66,0
DA:67,0
DA:69,0
DA:70,0
DA:73,0
DA:75,0
DA:76,0
DA:77,0
DA:78,0
DA:79,0
DA:80,0
DA:86,0
DA:88,0
DA:89,0
DA:90,0
DA:91,0
DA:92,0
DA:93,0
DA:94,0
DA:95,0
DA:96,0
DA:97,0
DA:98,0
DA:99,0
DA:101,0
DA:102,0
DA:103,0
DA:104,0
DA:105,0
DA:107,0
DA:108,0
DA:109,0
DA:110,0
DA:111,0
DA:112,0
DA:114,0
DA:115,0
DA:116,0
DA:118,0
DA:119,0
DA:121,0
DA:122,0
DA:123,0
DA:125,0
DA:131,0
DA:133,0
DA:134,0
DA:135,0
DA:136,0
DA:137,0
DA:138,0
DA:139,0
DA:140,0
DA:141,0
DA:142,0
DA:144,0
DA:145,0
DA:147,0
DA:149,0
DA:151,0
DA:152,0
DA:153,0
DA:161,0
DA:163,0
DA:164,0
DA:165,0
DA:166,0
DA:167,0
DA:168,0
DA:169,0
DA:170,0
DA:172,0
DA:173,0
DA:176,0
LF:97
LH:1
end_of_record
SF:lib\features\admin\widgets\cache\cache_action_button.dart
DA:15,0
DA:22,0
DA:24,0
DA:25,0
DA:26,0
DA:27,0
DA:28,0
DA:29,0
DA:30,0
DA:31,0
DA:32,0
DA:34,0
DA:35,0
DA:36,0
DA:37,0
DA:38,0
DA:39,0
DA:40,0
DA:41,0
DA:42,0
DA:43,0
DA:44,0
DA:45,0
LF:23
LH:0
end_of_record
SF:lib\features\admin\widgets\stats\cache_stat_widget.dart
DA:15,0
DA:22,0
DA:24,0
DA:25,0
DA:26,0
DA:27,0
DA:28,0
DA:29,0
DA:30,0
DA:31,0
DA:32,0
LF:11
LH:0
end_of_record
SF:lib\features\admin\widgets\errors\severity_badge.dart
DA:14,0
DA:19,0
DA:21,0
DA:22,0
DA:23,0
DA:24,0
DA:25,0
DA:26,0
DA:27,0
DA:28,0
DA:29,0
DA:30,0
DA:32,0
DA:33,0
DA:34,0
DA:35,0
DA:37,0
DA:39,0
DA:40,0
DA:42,0
DA:44,0
DA:46,0
DA:47,0
DA:48,0
DA:49,0
DA:56,0
DA:57,0
DA:58,0
DA:59,0
DA:60,0
DA:61,0
DA:62,0
DA:63,0
DA:65,0
DA:66,0
DA:67,0
DA:68,0
DA:69,0
DA:71,0
DA:72,0
DA:73,0
DA:74,0
DA:75,0
DA:77,0
DA:78,0
DA:79,0
DA:80,0
DA:81,0
DA:84,0
DA:85,0
DA:86,0
DA:87,0
DA:92,0
DA:93,0
DA:94,0
DA:96,0
DA:98,0
DA:100,0
DA:112,0
LF:59
LH:0
end_of_record
SF:lib\features\admin\widgets\stats\admin_stat_card.dart
DA:18,0
DA:26,0
DA:28,0
DA:29,0
DA:30,0
DA:31,0
DA:32,0
DA:33,0
DA:34,0
DA:36,0
DA:38,0
DA:40,0
DA:42,0
DA:43,0
DA:45,0
DA:46,0
DA:47,0
DA:48,0
DA:49,0
DA:52,0
DA:54,0
DA:55,0
DA:56,0
DA:61,0
DA:62,0
DA:63,0
DA:64,0
DA:65,0
LF:28
LH:0
end_of_record
SF:lib\features\admin\widgets\users\admin_user_card.dart
DA:17,0
DA:22,0
DA:24,0
DA:25,0
DA:26,0
DA:27,0
DA:28,0
DA:29,0
DA:31,0
DA:32,0
DA:34,0
DA:35,0
DA:36,0
DA:38,0
DA:39,0
DA:40,0
DA:41,0
DA:43,0
DA:44,0
DA:45,0
DA:46,0
DA:47,0
DA:50,0
DA:51,0
DA:52,0
DA:54,0
DA:56,0
DA:57,0
DA:58,0
DA:64,0
DA:65,0
DA:66,0
DA:67,0
DA:70,0
DA:71,0
DA:72,0
DA:74,0
DA:76,0
DA:77,0
DA:78,0
DA:80,0
DA:81,0
DA:82,0
DA:86,0
DA:87,0
DA:88,0
DA:89,0
DA:91,0
DA:95,0
DA:96,0
DA:97,0
DA:98,0
DA:99,0
DA:100,0
DA:102,0
DA:103,0
DA:104,0
DA:106,0
DA:108,0
DA:109,0
DA:110,0
DA:118,0
DA:120,0
DA:123,0
DA:124,0
DA:125,0
DA:126,0
DA:128,0
DA:129,0
DA:132,0
DA:134,0
DA:135,0
DA:136,0
DA:137,0
DA:140,0
DA:142,0
DA:145,0
DA:147,0
DA:149,0
DA:152,0
DA:154,0
DA:157,0
DA:160,0
DA:162,0
DA:164,0
DA:167,0
DA:168,0
DA:169,0
DA:170,0
DA:171,0
DA:176,0
DA:177,0
DA:191,0
DA:192,0
DA:193,0
DA:194,0
DA:196,0
DA:197,0
DA:198,0
DA:200,0
DA:201,0
DA:202,0
LF:102
LH:0
end_of_record
SF:lib\features\analytics\analytics_page.dart
DA:24,4
DA:25,4
DA:26,0
DA:27,0
DA:30,6
DA:35,3
DA:40,2
DA:41,2
DA:60,2
DA:62,2
DA:63,4
DA:64,2
DA:67,2
DA:68,2
DA:69,0
DA:72,4
DA:73,4
DA:74,2
DA:75,2
DA:76,2
DA:79,6
DA:80,6
DA:81,4
DA:82,4
DA:83,4
DA:84,2
DA:85,4
DA:87,2
DA:88,4
DA:89,2
DA:90,0
DA:92,6
DA:93,2
DA:94,2
DA:95,1
DA:96,0
DA:97,0
DA:98,0
DA:103,6
DA:105,4
DA:106,2
DA:107,0
DA:110,4
DA:111,2
DA:112,2
DA:114,4
DA:115,4
DA:117,2
DA:119,4
DA:122,0
DA:123,0
DA:124,0
DA:125,0
DA:126,0
DA:127,0
DA:128,0
DA:129,0
DA:131,0
DA:132,0
DA:135,0
DA:136,0
DA:141,2
DA:143,2
DA:144,4
DA:145,10
DA:147,2
DA:148,2
DA:149,2
DA:150,2
DA:151,0
DA:152,0
DA:153,0
DA:155,0
DA:156,0
DA:158,0
DA:159,0
DA:161,0
DA:167,2
DA:171,2
DA:172,4
DA:173,6
DA:175,2
DA:176,4
DA:179,2
DA:180,0
DA:181,0
DA:182,0
DA:183,0
DA:184,0
DA:187,4
DA:188,2
DA:189,2
DA:190,2
DA:194,2
DA:195,4
DA:196,8
DA:199,4
DA:200,2
DA:201,2
DA:203,8
DA:204,4
DA:206,10
DA:209,4
DA:211,4
DA:212,0
DA:213,0
DA:215,2
DA:216,4
DA:217,4
DA:219,4
DA:221,4
DA:222,0
DA:224,4
DA:226,4
DA:228,4
DA:229,0
DA:231,6
DA:232,6
DA:238,2
DA:239,8
DA:241,4
DA:242,4
DA:243,4
DA:244,4
DA:245,4
DA:246,2
DA:247,2
DA:248,4
DA:249,2
DA:250,4
DA:251,4
DA:252,10
DA:256,10
DA:257,2
DA:260,2
DA:261,2
DA:262,10
DA:265,2
DA:266,2
DA:267,2
DA:269,12
DA:271,12
DA:273,10
DA:274,2
DA:275,4
DA:276,12
DA:278,2
DA:279,2
DA:282,2
DA:283,0
DA:284,0
DA:285,0
DA:287,2
DA:288,0
DA:289,0
DA:290,0
DA:292,2
DA:293,0
DA:294,0
DA:295,0
DA:298,2
DA:299,0
DA:300,0
DA:301,0
DA:304,2
DA:305,0
DA:306,0
DA:307,0
DA:310,2
DA:311,0
DA:312,0
DA:313,0
DA:315,2
DA:316,2
DA:317,0
DA:318,0
DA:319,0
DA:321,0
DA:322,0
DA:323,0
DA:325,2
DA:326,0
DA:327,0
DA:328,0
DA:332,2
DA:333,2
DA:335,2
DA:340,4
DA:341,0
DA:342,0
DA:343,0
DA:346,0
DA:347,0
DA:348,0
DA:349,0
DA:352,0
DA:353,0
DA:354,0
DA:355,0
DA:356,0
DA:359,0
DA:360,0
DA:361,0
DA:363,0
DA:364,0
DA:366,0
DA:369,0
DA:370,0
DA:373,0
DA:374,0
DA:376,0
DA:380,2
DA:382,2
LF:213
LH:126
end_of_record
SF:lib\features\analytics\services\analytics_service.dart
DA:10,0
DA:12,0
DA:13,0
DA:15,0
DA:16,0
DA:19,0
DA:22,0
DA:24,0
DA:26,0
DA:34,0
DA:35,0
DA:36,0
DA:38,0
DA:43,2
DA:44,2
DA:45,8
DA:46,2
DA:47,2
DA:48,2
DA:49,4
DA:50,4
DA:51,4
DA:54,0
DA:56,0
DA:57,0
DA:59,0
DA:69,2
DA:70,2
DA:71,4
DA:73,8
DA:75,6
DA:80,2
DA:81,2
DA:82,8
DA:85,2
DA:87,2
DA:90,2
DA:94,2
DA:96,2
DA:98,1
DA:99,4
DA:101,1
DA:102,1
DA:104,0
DA:105,0
DA:107,0
DA:108,1
DA:110,0
DA:111,0
DA:112,0
DA:114,0
DA:115,1
DA:120,2
DA:121,2
DA:122,4
DA:123,10
DA:128,2
DA:129,3
DA:130,12
DA:133,2
DA:134,8
DA:138,0
DA:142,0
DA:153,0
DA:154,0
DA:158,0
DA:159,0
DA:162,0
DA:163,0
DA:165,0
DA:166,0
DA:172,0
DA:173,0
DA:174,0
DA:177,0
DA:178,0
DA:180,0
DA:184,0
DA:185,0
DA:187,0
DA:188,0
DA:191,0
DA:192,0
DA:196,0
DA:198,0
DA:200,0
DA:202,0
DA:204,0
DA:206,0
DA:208,0
DA:210,0
DA:217,0
DA:220,0
DA:222,0
DA:224,0
DA:228,0
DA:230,0
DA:231,0
DA:232,0
DA:233,0
DA:234,0
DA:235,0
DA:236,0
DA:237,0
DA:240,0
DA:241,0
DA:243,0
DA:244,0
DA:251,0
LF:109
LH:37
end_of_record
SF:lib\models\log_entry_model.dart
DA:24,6
DA:47,2
DA:48,2
DA:51,2
LF:4
LH:4
end_of_record
SF:lib\features\analytics\widgets\analytics\analytics_app_bar.dart
DA:17,2
DA:23,2
DA:25,2
DA:27,2
DA:28,2
DA:29,2
DA:30,2
DA:31,2
DA:32,2
DA:33,2
DA:34,10
DA:35,2
DA:36,2
DA:37,2
DA:39,2
DA:40,2
DA:41,2
DA:42,8
DA:45,2
DA:47,2
DA:50,2
DA:52,2
DA:53,2
DA:55,2
DA:56,2
DA:57,4
DA:58,2
DA:60,2
DA:62,2
DA:63,4
DA:64,0
DA:67,4
DA:70,2
DA:71,2
DA:73,4
DA:74,2
DA:75,4
DA:83,2
DA:84,2
DA:85,4
DA:86,2
DA:88,2
DA:90,2
DA:91,4
DA:92,2
DA:97,4
DA:100,2
DA:102,6
LF:48
LH:47
end_of_record
SF:lib\features\analytics\widgets\analytics\analytics_loading_state.dart
DA:12,1
DA:13,2
DA:15,2
DA:16,2
DA:17,2
DA:18,2
DA:19,4
DA:20,8
LF:8
LH:8
end_of_record
SF:lib\features\analytics\widgets\analytics\analytics_error_state.dart
DA:17,0
DA:23,0
DA:25,0
DA:26,0
DA:27,0
DA:28,0
DA:29,0
DA:30,0
DA:31,0
DA:32,0
DA:34,0
DA:35,0
DA:37,0
DA:38,0
DA:40,0
DA:41,0
DA:42,0
DA:43,0
DA:46,0
DA:47,0
DA:48,0
DA:49,0
DA:51,0
DA:54,0
DA:55,0
DA:56,0
DA:59,0
DA:60,0
LF:28
LH:0
end_of_record
SF:lib\features\analytics\widgets\analytics\analytics_layout.dart
DA:47,2
DA:65,2
DA:67,2
DA:68,2
DA:69,2
DA:70,4
DA:71,2
DA:72,6
DA:73,2
DA:75,2
DA:77,4
DA:78,6
DA:81,2
DA:82,2
DA:83,2
DA:84,2
DA:85,2
DA:86,2
DA:87,2
DA:89,6
DA:93,0
DA:94,2
DA:105,0
DA:106,0
DA:108,0
DA:110,0
DA:112,0
DA:113,0
DA:114,0
DA:115,0
DA:116,0
DA:117,0
DA:118,0
DA:119,0
DA:121,0
DA:122,0
DA:123,0
DA:124,0
DA:125,0
DA:126,0
DA:131,0
DA:134,0
DA:135,0
DA:136,0
DA:137,0
DA:138,0
DA:139,0
DA:140,0
DA:142,0
DA:143,0
DA:144,0
DA:145,0
DA:157,2
DA:158,2
DA:160,2
DA:161,2
DA:162,2
DA:163,2
DA:164,2
DA:165,2
DA:166,2
DA:168,6
DA:169,2
DA:170,2
DA:171,2
DA:172,2
DA:174,6
DA:175,2
DA:176,2
DA:177,2
DA:178,2
DA:179,2
DA:181,6
DA:182,2
DA:183,2
DA:184,2
LF:76
LH:45
end_of_record
SF:lib\utils\time_period_utils.dart
DA:6,2
DA:8,2
DA:10,0
DA:12,0
DA:14,0
LF:5
LH:2
end_of_record
SF:lib\repo\substance_repository.dart
DA:6,0
DA:7,0
DA:8,0
DA:9,0
DA:10,0
DA:14,0
DA:15,0
DA:17,0
DA:18,0
DA:19,0
DA:20,0
DA:21,0
DA:22,0
DA:23,0
DA:24,0
DA:25,0
DA:26,0
DA:27,0
DA:28,0
DA:29,0
DA:30,0
DA:31,0
DA:33,0
DA:34,0
DA:37,0
DA:39,0
DA:44,0
DA:48,0
DA:49,0
DA:50,0
DA:51,0
DA:52,0
DA:54,0
DA:55,0
DA:56,0
DA:57,0
DA:58,0
DA:59,0
DA:60,0
DA:61,0
DA:64,0
DA:71,0
DA:72,0
DA:73,0
DA:74,0
DA:77,0
DA:79,0
DA:80,0
DA:82,0
DA:84,0
DA:86,0
DA:87,0
DA:88,0
DA:92,0
DA:93,0
DA:94,0
LF:56
LH:0
end_of_record
SF:lib\features\analytics\widgets\analytics\analytics_filter_card.dart
DA:12,2
DA:13,2
DA:14,2
DA:22,2
DA:24,2
DA:25,2
DA:26,4
DA:27,6
DA:30,6
DA:31,4
DA:36,2
DA:38,4
DA:39,2
DA:42,0
DA:43,0
DA:44,0
DA:45,0
DA:46,0
DA:47,0
DA:48,0
DA:53,2
DA:55,2
DA:56,2
DA:57,2
DA:58,2
DA:59,2
DA:60,2
DA:61,4
DA:62,2
DA:63,2
DA:64,4
DA:65,2
DA:66,2
DA:67,0
DA:68,2
DA:69,6
DA:71,4
DA:73,2
DA:74,2
DA:76,2
DA:77,2
DA:78,2
DA:79,4
DA:80,6
DA:82,2
DA:83,4
DA:84,2
DA:85,0
DA:86,0
DA:87,0
DA:88,0
DA:89,0
DA:94,2
DA:95,2
DA:97,2
DA:98,4
DA:99,4
DA:100,2
DA:101,4
DA:102,2
DA:103,0
DA:104,4
DA:106,4
DA:108,2
DA:110,2
DA:111,4
DA:114,4
DA:116,2
DA:117,2
DA:119,2
DA:120,2
DA:121,2
DA:122,2
DA:124,6
DA:126,2
DA:127,0
DA:128,0
DA:129,0
DA:130,0
DA:131,0
DA:133,0
DA:134,0
DA:135,0
DA:137,0
DA:139,0
DA:141,0
DA:142,0
DA:143,0
DA:150,4
DA:151,2
DA:152,2
DA:155,6
DA:160,4
DA:162,2
DA:164,2
DA:165,2
DA:166,4
DA:167,2
DA:168,8
DA:169,4
DA:171,2
DA:173,2
DA:174,4
DA:183,2
DA:184,4
DA:186,2
DA:187,0
DA:188,0
DA:189,0
LF:109
LH:79
end_of_record
SF:lib\features\analytics\widgets\analytics\metrics_row.dart
DA:18,2
DA:27,2
DA:29,2
DA:30,6
DA:31,2
DA:34,2
DA:35,2
DA:36,4
DA:37,2
DA:41,4
DA:42,4
DA:44,2
DA:45,2
DA:47,4
DA:48,4
DA:51,2
DA:53,4
DA:54,6
DA:56,8
DA:58,2
DA:60,4
DA:61,4
DA:64,2
DA:66,4
DA:67,6
DA:69,4
DA:70,4
DA:71,2
DA:78,0
DA:79,0
DA:80,0
DA:81,0
DA:83,0
DA:84,0
DA:88,0
DA:89,0
DA:90,0
DA:92,0
DA:93,0
DA:95,0
DA:98,0
DA:99,0
DA:100,0
DA:102,0
DA:103,0
DA:107,0
DA:108,0
DA:109,0
DA:111,0
DA:112,0
DA:114,0
DA:115,0
DA:116,0
DA:131,2
DA:139,2
DA:141,2
DA:143,2
DA:144,2
DA:146,2
DA:148,2
DA:149,6
DA:150,2
DA:151,8
DA:152,6
DA:154,10
DA:156,6
DA:158,2
DA:160,4
DA:161,2
DA:162,2
DA:163,6
DA:164,4
DA:170,6
DA:172,2
DA:173,2
DA:174,6
DA:175,4
DA:181,4
DA:182,6
DA:183,2
DA:184,2
DA:185,6
DA:186,4
DA:193,4
DA:194,6
DA:195,2
DA:196,2
DA:197,4
DA:198,4
DA:200,2
DA:201,8
DA:202,6
DA:203,2
DA:204,8
DA:207,2
DA:208,2
DA:209,8
LF:97
LH:72
end_of_record
SF:lib\features\analytics\widgets\analytics\insight_summary_card.dart
DA:18,2
DA:25,2
DA:27,2
DA:28,2
DA:29,2
DA:31,2
DA:33,2
DA:35,2
DA:37,6
DA:38,2
DA:39,2
DA:40,6
DA:41,4
DA:42,4
DA:51,2
DA:52,4
DA:53,2
DA:55,4
DA:56,2
DA:58,2
DA:59,2
DA:61,1
DA:62,3
LF:23
LH:23
end_of_record
SF:lib\features\analytics\widgets\analytics\recent_activity_list.dart
DA:19,2
DA:24,2
DA:26,2
DA:27,4
DA:28,6
DA:29,4
DA:30,2
DA:31,2
DA:33,2
DA:35,6
DA:36,2
DA:37,1
DA:38,1
DA:39,3
DA:40,1
DA:42,3
DA:43,2
DA:49,2
DA:51,2
DA:52,4
DA:55,8
DA:59,2
DA:70,2
DA:71,2
DA:73,2
DA:75,4
DA:76,6
DA:77,10
DA:78,8
DA:79,6
DA:80,10
DA:82,2
DA:83,6
DA:84,2
DA:85,6
DA:86,0
DA:87,2
DA:88,6
DA:89,2
DA:90,4
DA:91,6
DA:92,6
DA:94,2
DA:95,2
DA:97,2
DA:98,6
DA:99,2
DA:100,6
DA:101,6
DA:103,6
DA:105,6
DA:108,2
DA:109,2
DA:111,2
DA:113,2
DA:114,2
DA:115,2
DA:116,2
DA:117,4
DA:118,6
DA:119,4
DA:124,6
DA:125,2
DA:126,2
DA:131,0
DA:135,6
DA:138,2
DA:139,10
DA:140,6
DA:141,4
DA:144,6
DA:147,2
DA:150,2
DA:151,2
DA:153,6
DA:154,4
DA:157,2
DA:158,4
DA:159,6
DA:165,6
DA:166,2
DA:167,6
DA:168,2
DA:169,2
DA:170,4
DA:171,4
DA:172,2
DA:185,2
DA:186,4
DA:187,4
DA:188,4
DA:189,6
DA:190,2
DA:191,2
LF:94
LH:92
end_of_record
SF:lib\features\analytics\widgets\analytics\use_distribution_card.dart
DA:23,2
DA:30,2
DA:31,2
DA:43,2
DA:49,0
DA:55,0
DA:56,0
DA:57,0
DA:58,0
DA:59,0
DA:63,2
DA:67,2
DA:68,2
DA:70,0
DA:72,0
DA:74,0
DA:78,0
DA:79,0
DA:80,0
DA:82,0
DA:83,0
DA:84,0
DA:85,0
DA:86,0
DA:89,0
DA:93,0
DA:99,0
DA:100,0
DA:101,0
DA:102,0
DA:103,0
DA:104,0
DA:105,0
DA:106,0
DA:111,4
DA:112,4
DA:113,4
DA:114,4
DA:115,4
DA:120,0
DA:122,0
DA:124,0
DA:125,0
DA:126,0
DA:127,0
DA:128,0
DA:129,0
DA:130,0
DA:131,0
DA:132,0
DA:137,2
DA:139,2
DA:140,8
DA:141,8
DA:142,2
DA:143,2
DA:144,6
DA:145,2
DA:147,2
DA:148,2
DA:149,2
DA:150,0
DA:151,0
DA:152,0
DA:153,0
DA:156,6
DA:158,1
DA:160,2
DA:161,6
DA:162,2
DA:169,2
DA:171,6
DA:173,4
DA:174,0
DA:175,2
DA:177,0
DA:178,2
DA:179,2
DA:180,2
DA:181,2
DA:186,2
DA:187,2
DA:188,2
DA:191,2
DA:192,2
DA:198,0
DA:199,0
DA:200,0
DA:201,0
DA:202,0
DA:206,0
DA:207,0
DA:208,0
DA:209,0
DA:210,0
DA:215,2
DA:220,2
DA:221,2
DA:222,2
DA:223,4
DA:224,2
DA:225,2
DA:226,2
DA:227,2
DA:228,4
DA:229,2
DA:230,2
DA:231,2
DA:234,2
DA:235,2
DA:237,0
DA:238,0
DA:239,0
DA:240,0
DA:244,0
DA:245,0
DA:246,0
DA:247,0
DA:249,0
DA:250,0
DA:251,0
DA:252,0
DA:253,0
DA:254,0
DA:255,0
DA:262,2
DA:264,2
DA:265,2
DA:274,2
DA:278,4
DA:279,8
DA:280,2
DA:281,6
DA:282,2
DA:283,4
DA:284,4
DA:285,4
DA:286,0
DA:287,0
DA:288,0
DA:290,0
DA:292,2
DA:293,0
DA:294,4
DA:295,2
DA:296,2
DA:297,4
DA:300,6
DA:301,2
DA:302,6
DA:303,6
DA:304,6
DA:311,2
DA:312,2
DA:314,4
DA:315,6
DA:316,2
DA:318,2
DA:319,2
DA:321,6
DA:322,4
DA:325,6
DA:326,2
DA:327,6
DA:328,2
DA:329,2
DA:330,4
DA:331,2
DA:332,4
DA:333,4
DA:334,0
DA:336,0
DA:338,0
DA:340,2
DA:342,10
DA:343,2
DA:344,6
DA:345,2
DA:346,2
DA:347,2
DA:348,4
DA:349,4
DA:350,2
DA:352,6
DA:355,6
DA:356,2
DA:357,2
DA:358,2
DA:359,6
DA:360,4
DA:365,6
DA:366,2
DA:367,4
DA:368,6
DA:369,4
DA:375,2
DA:392,2
DA:400,2
DA:402,2
DA:404,6
DA:405,6
DA:406,2
DA:407,6
DA:408,2
DA:410,6
DA:411,2
DA:413,2
DA:415,2
DA:416,2
DA:419,2
DA:420,2
DA:422,2
DA:425,2
DA:426,2
DA:433,2
DA:439,2
DA:441,2
DA:442,6
DA:444,2
DA:445,4
DA:447,2
DA:448,4
DA:449,4
DA:451,2
DA:453,10
DA:454,4
DA:455,6
DA:457,2
DA:459,6
DA:461,6
DA:462,6
DA:463,8
DA:474,0
DA:475,0
DA:477,0
DA:478,0
DA:480,0
DA:481,0
DA:482,0
DA:483,0
DA:484,0
DA:485,0
DA:486,0
DA:488,0
DA:489,0
DA:490,0
DA:492,0
DA:494,0
DA:495,0
DA:497,0
DA:498,0
DA:500,0
DA:501,0
DA:502,0
DA:503,0
DA:504,0
DA:505,0
DA:519,2
DA:524,2
DA:526,2
DA:528,2
DA:529,2
DA:530,0
DA:532,2
DA:534,2
DA:535,2
DA:536,4
DA:537,10
DA:539,6
DA:540,2
DA:542,10
DA:550,1
DA:551,1
DA:553,1
DA:555,1
DA:556,2
DA:557,1
DA:558,1
DA:561,3
DA:562,2
LF:280
LH:177
end_of_record
SF:lib\features\analytics\widgets\analytics\usage_trends_card.dart
DA:26,2
DA:32,2
DA:33,2
DA:38,1
DA:39,1
DA:40,1
DA:42,0
DA:43,0
DA:48,2
DA:50,2
DA:51,2
DA:52,2
DA:53,2
DA:54,2
DA:55,2
DA:56,2
DA:57,2
DA:59,2
DA:61,2
DA:62,2
DA:64,2
DA:67,4
DA:70,1
DA:71,1
DA:72,1
DA:73,1
DA:74,1
DA:77,2
DA:78,2
DA:80,2
DA:81,2
DA:82,2
DA:83,1
DA:84,1
DA:85,3
DA:89,2
DA:91,4
DA:94,2
DA:95,4
DA:96,2
DA:97,0
DA:98,0
DA:100,0
DA:103,2
DA:104,2
DA:105,2
DA:106,2
DA:113,2
DA:114,2
DA:117,2
DA:118,2
DA:119,4
DA:120,2
DA:121,4
DA:122,4
DA:123,2
DA:130,2
DA:131,2
DA:135,2
DA:136,2
DA:137,2
DA:140,2
DA:141,4
DA:142,2
DA:144,4
DA:145,2
DA:153,2
DA:154,2
DA:157,2
DA:159,2
DA:160,0
DA:161,0
DA:162,0
DA:164,0
DA:167,2
DA:169,2
DA:170,0
DA:171,0
DA:173,0
DA:174,0
DA:175,0
DA:176,0
DA:177,0
DA:178,0
DA:179,0
DA:180,0
DA:182,0
DA:183,0
DA:184,0
DA:185,0
DA:186,0
DA:197,4
DA:200,2
DA:209,2
DA:210,2
DA:211,2
DA:213,2
DA:214,6
DA:215,2
DA:216,2
DA:217,4
DA:218,4
DA:220,2
DA:221,2
DA:222,2
DA:224,2
DA:226,4
DA:227,2
DA:229,0
DA:230,0
DA:254,2
DA:255,8
DA:256,2
DA:257,2
DA:258,6
DA:260,2
DA:263,2
DA:264,4
DA:265,2
DA:266,0
DA:267,0
DA:268,0
DA:271,2
DA:272,4
DA:273,2
DA:274,2
DA:275,2
DA:276,2
DA:278,2
DA:279,2
DA:282,2
DA:284,2
DA:285,2
DA:287,6
DA:288,6
DA:295,2
DA:296,2
DA:297,2
DA:298,2
DA:300,2
DA:301,4
DA:302,4
DA:303,6
DA:306,2
DA:307,8
DA:308,4
DA:309,2
DA:310,2
DA:312,2
DA:313,2
DA:315,4
DA:316,2
DA:317,4
DA:320,4
DA:321,2
DA:323,2
DA:324,2
DA:325,4
DA:326,4
DA:327,2
DA:329,10
DA:330,2
DA:331,6
DA:332,2
DA:333,2
DA:334,2
DA:335,2
DA:336,2
DA:337,2
DA:339,2
DA:340,4
DA:344,4
DA:345,2
DA:346,2
DA:347,2
DA:348,6
DA:352,4
DA:353,2
DA:354,4
DA:355,6
DA:360,2
DA:371,2
DA:372,2
DA:373,2
DA:374,2
DA:375,2
DA:376,2
DA:377,4
DA:378,4
DA:379,8
DA:380,2
DA:381,4
DA:384,0
DA:385,0
DA:386,0
DA:387,0
DA:388,0
DA:389,0
DA:390,0
DA:393,0
DA:394,0
DA:395,0
DA:396,0
DA:397,0
DA:401,6
DA:402,2
DA:404,2
DA:405,2
DA:406,8
DA:408,0
DA:409,0
DA:410,0
DA:412,0
DA:413,0
DA:416,2
DA:418,10
DA:419,10
DA:421,8
DA:427,2
DA:428,2
DA:429,2
DA:430,2
DA:431,2
DA:432,4
DA:433,4
DA:434,10
DA:437,0
DA:438,0
DA:439,0
DA:440,0
DA:441,0
DA:444,0
DA:445,0
DA:446,0
DA:453,2
DA:454,6
DA:455,2
DA:456,2
DA:457,2
DA:458,6
DA:459,0
DA:460,0
DA:461,0
DA:462,0
DA:469,2
DA:470,4
DA:471,12
DA:472,6
DA:473,6
DA:474,2
DA:475,3
DA:478,2
DA:479,2
DA:481,4
DA:482,8
DA:483,2
DA:485,2
DA:487,4
DA:488,2
DA:489,0
DA:490,0
DA:491,0
DA:492,0
DA:493,0
DA:494,0
LF:265
LH:201
end_of_record
SF:lib\features\blood_levels\blood_levels_page.dart
DA:21,2
DA:22,1
DA:23,1
DA:42,1
DA:44,1
DA:45,3
DA:46,1
DA:49,1
DA:50,2
DA:51,1
DA:52,1
DA:55,2
DA:56,1
DA:58,2
DA:59,1
DA:60,1
DA:63,0
DA:64,0
DA:65,0
DA:71,1
DA:72,4
DA:73,1
DA:75,0
DA:76,0
DA:77,0
DA:79,0
DA:83,0
DA:92,0
DA:93,0
DA:96,1
DA:98,1
DA:99,1
DA:100,1
DA:101,1
DA:102,1
DA:103,1
DA:104,0
DA:105,0
DA:106,1
DA:107,5
DA:108,1
DA:111,1
DA:115,0
DA:116,0
DA:117,0
DA:118,0
DA:119,0
DA:120,0
DA:123,0
DA:124,0
DA:125,0
DA:126,0
DA:129,0
DA:130,0
DA:131,0
DA:132,0
DA:133,0
DA:134,0
DA:135,0
DA:138,0
DA:141,1
DA:142,1
DA:143,1
DA:145,1
DA:154,1
DA:156,2
DA:161,0
DA:162,0
DA:163,0
DA:164,0
DA:165,0
DA:166,0
DA:167,0
DA:169,0
DA:170,0
DA:172,0
DA:176,0
DA:177,0
DA:179,0
DA:180,0
DA:182,0
DA:186,0
DA:187,0
DA:188,0
DA:189,0
DA:195,1
DA:196,1
DA:199,1
DA:200,0
DA:202,1
DA:203,1
DA:204,0
DA:206,0
DA:209,1
DA:211,1
DA:212,1
DA:213,1
DA:214,1
DA:215,1
DA:216,1
DA:217,0
DA:218,0
DA:219,0
DA:220,0
DA:221,0
DA:222,0
DA:223,0
DA:224,0
DA:227,1
LF:109
LH:49
end_of_record
SF:lib\features\blood_levels\services\blood_levels_service.dart
DA:9,0
DA:12,0
DA:13,0
DA:15,0
DA:20,0
DA:21,0
DA:22,0
DA:26,0
DA:27,0
DA:28,0
DA:29,0
DA:30,0
DA:32,0
DA:33,0
DA:34,0
DA:38,0
DA:39,0
DA:40,0
DA:41,0
DA:42,0
DA:44,0
DA:45,0
DA:46,0
DA:47,0
DA:48,0
DA:49,0
DA:50,0
DA:52,0
DA:53,0
DA:54,0
DA:55,0
DA:57,0
DA:58,0
DA:59,0
DA:60,0
DA:62,0
DA:63,0
DA:65,0
DA:66,0
DA:67,0
DA:68,0
DA:70,0
DA:71,0
DA:72,0
DA:73,0
DA:77,0
DA:78,0
DA:80,0
DA:85,0
DA:86,0
DA:88,0
DA:90,0
DA:91,0
DA:93,0
DA:97,0
DA:98,0
DA:105,0
DA:112,0
DA:113,0
DA:114,0
DA:115,0
DA:116,0
DA:117,0
DA:118,0
DA:127,0
DA:128,0
DA:131,0
DA:133,0
DA:137,0
DA:148,0
DA:155,0
DA:156,0
DA:158,0
DA:159,0
DA:160,0
DA:161,0
DA:162,0
DA:163,0
DA:165,0
DA:166,0
DA:171,0
DA:173,0
DA:179,0
DA:180,0
DA:181,0
DA:182,0
DA:183,0
DA:184,0
DA:185,0
DA:186,0
DA:188,0
DA:189,0
DA:196,0
DA:197,0
DA:198,0
DA:199,0
DA:211,0
DA:218,0
DA:219,0
DA:220,0
DA:221,0
DA:223,0
DA:226,0
DA:227,0
DA:228,0
DA:229,0
DA:230,0
DA:231,0
DA:232,0
DA:233,0
DA:235,0
DA:236,0
DA:237,0
DA:238,0
DA:239,0
DA:242,0
DA:243,0
DA:245,0
DA:247,0
DA:248,0
DA:249,0
DA:252,0
DA:253,0
DA:254,0
DA:256,0
DA:257,0
DA:258,0
DA:259,0
DA:268,0
DA:270,0
DA:274,0
DA:285,0
DA:291,0
DA:292,0
DA:293,0
DA:294,0
DA:296,0
DA:299,0
DA:300,0
DA:301,0
DA:302,0
DA:303,0
DA:304,0
DA:307,0
DA:308,0
DA:309,0
DA:310,0
DA:313,0
DA:315,0
DA:319,0
DA:335,0
DA:338,0
DA:340,0
DA:341,0
DA:342,0
DA:350,0
DA:351,0
DA:353,0
DA:354,0
DA:355,0
DA:356,0
DA:358,0
DA:359,0
DA:362,0
DA:363,0
DA:365,0
DA:367,0
DA:369,0
DA:374,0
DA:376,0
DA:378,0
DA:383,0
DA:385,0
DA:386,0
DA:388,0
DA:389,0
DA:391,0
DA:392,0
DA:393,0
DA:394,0
DA:396,0
DA:397,0
DA:399,0
DA:402,0
DA:403,0
DA:407,0
DA:426,2
DA:441,2
DA:442,12
DA:445,1
DA:447,5
DA:448,2
DA:449,2
DA:450,0
DA:451,0
DA:455,1
DA:465,1
DA:466,1
DA:467,0
DA:468,0
DA:469,1
DA:470,1
DA:471,1
DA:472,1
DA:473,1
DA:474,1
DA:475,1
DA:476,1
DA:488,2
LF:209
LH:19
end_of_record
SF:lib\features\blood_levels\widgets\blood_levels\filter_panel.dart
DA:19,0
DA:28,0
DA:30,0
DA:31,0
DA:32,0
DA:33,0
DA:34,0
DA:35,0
DA:36,0
DA:37,0
DA:38,0
DA:41,0
DA:42,0
DA:45,0
DA:46,0
DA:47,0
DA:48,0
DA:50,0
DA:51,0
DA:52,0
DA:53,0
DA:57,0
DA:58,0
DA:59,0
DA:60,0
DA:61,0
DA:62,0
DA:63,0
DA:64,0
DA:65,0
DA:66,0
DA:68,0
DA:69,0
DA:70,0
DA:71,0
DA:73,0
DA:74,0
DA:75,0
DA:78,0
DA:80,0
DA:81,0
DA:82,0
DA:83,0
DA:84,0
DA:85,0
DA:86,0
DA:87,0
DA:88,0
DA:89,0
DA:90,0
DA:92,0
DA:93,0
DA:94,0
DA:96,0
DA:97,0
DA:100,0
LF:56
LH:0
end_of_record
SF:lib\features\blood_levels\widgets\blood_levels\blood_levels_app_bar.dart
DA:19,1
DA:29,1
DA:31,1
DA:32,1
DA:33,1
DA:34,1
DA:35,1
DA:36,1
DA:37,1
DA:38,2
DA:39,1
DA:40,1
DA:41,2
DA:42,1
DA:43,1
DA:44,2
DA:46,1
DA:48,1
DA:49,1
DA:50,6
DA:55,1
DA:58,1
DA:59,1
DA:60,1
DA:61,2
DA:62,3
DA:64,2
DA:65,1
DA:66,1
DA:69,1
DA:72,1
DA:73,1
DA:74,1
DA:77,1
DA:80,1
DA:83,1
DA:90,1
LF:37
LH:37
end_of_record
SF:lib\features\blood_levels\widgets\blood_levels\blood_levels_loading_state.dart
DA:11,1
DA:12,1
LF:2
LH:2
end_of_record
SF:lib\features\blood_levels\widgets\blood_levels\blood_levels_error_state.dart
DA:16,0
DA:21,0
DA:23,0
DA:24,0
DA:25,0
DA:26,0
DA:27,0
DA:28,0
DA:29,0
DA:31,0
DA:32,0
DA:33,0
DA:34,0
DA:35,0
DA:36,0
DA:39,0
DA:40,0
DA:42,0
DA:43,0
DA:44,0
LF:20
LH:0
end_of_record
SF:lib\features\blood_levels\widgets\blood_levels\blood_levels_empty_state.dart
DA:15,0
DA:16,0
DA:18,0
DA:19,0
DA:20,0
DA:21,0
DA:23,0
DA:24,0
DA:26,0
DA:27,0
DA:29,0
DA:30,0
DA:32,0
DA:34,0
DA:36,0
DA:38,0
LF:16
LH:0
end_of_record
SF:lib\features\blood_levels\widgets\blood_levels\blood_levels_content.dart
DA:29,1
DA:44,1
DA:46,1
DA:47,3
DA:48,1
DA:49,1
DA:50,2
DA:51,1
DA:52,3
DA:54,2
DA:57,2
DA:58,1
DA:59,1
DA:60,1
DA:61,1
DA:62,1
DA:63,1
DA:64,1
DA:65,1
DA:66,1
DA:67,1
DA:68,1
DA:73,1
DA:74,2
DA:75,2
DA:76,1
LF:26
LH:26
end_of_record
SF:lib\features\blood_levels\services\decay_service.dart
DA:16,1
DA:17,3
DA:21,3
DA:22,1
DA:33,1
DA:41,1
DA:44,2
DA:45,2
DA:46,1
DA:48,1
DA:49,3
DA:53,4
DA:56,1
DA:57,2
DA:59,2
DA:67,1
DA:75,1
DA:78,1
DA:79,2
DA:88,1
DA:90,1
DA:91,2
DA:92,2
DA:94,3
DA:95,2
DA:96,3
DA:98,2
DA:109,0
DA:114,0
DA:118,0
DA:121,0
DA:122,0
DA:124,0
DA:126,0
DA:127,0
DA:128,0
DA:130,0
DA:135,0
DA:146,0
DA:155,0
DA:156,0
DA:157,0
DA:161,0
DA:162,0
LF:44
LH:27
end_of_record
SF:lib\models\curve_point.dart
DA:8,1
DA:11,0
DA:12,0
DA:13,0
DA:16,0
DA:17,0
LF:6
LH:1
end_of_record
SF:lib\utils\drug_profile_utils.dart
DA:9,0
DA:12,0
DA:13,0
DA:15,0
DA:16,0
DA:19,0
DA:23,0
DA:24,0
DA:25,0
DA:26,0
DA:27,0
DA:28,0
DA:40,0
DA:43,0
DA:44,0
DA:46,0
DA:47,0
DA:49,0
DA:52,0
DA:53,0
DA:54,0
DA:55,0
DA:56,0
DA:57,0
DA:69,0
DA:73,0
DA:75,0
DA:76,0
DA:78,0
DA:79,0
DA:80,0
DA:81,0
DA:82,0
DA:83,0
DA:85,0
DA:88,0
DA:100,0
DA:103,0
DA:106,0
DA:114,0
DA:115,0
DA:116,0
DA:117,0
DA:119,0
DA:120,0
DA:121,0
DA:122,0
DA:124,0
DA:128,0
DA:129,0
DA:130,0
DA:131,0
DA:132,0
DA:133,0
DA:134,0
DA:139,0
DA:149,0
DA:151,0
DA:152,0
DA:153,0
DA:154,0
DA:155,0
DA:156,0
DA:158,0
DA:161,0
DA:165,0
DA:184,0
DA:194,0
DA:199,0
DA:201,0
DA:205,0
DA:206,0
DA:209,0
DA:210,0
DA:213,0
DA:214,0
DA:215,0
DA:216,0
DA:217,0
DA:218,0
DA:219,0
DA:225,0
DA:234,0
DA:237,0
DA:241,0
DA:242,0
DA:243,0
DA:244,0
DA:246,0
DA:247,0
DA:251,0
DA:252,0
DA:255,0
DA:256,0
DA:265,0
DA:266,0
DA:267,0
LF:97
LH:0
end_of_record
SF:lib\features\blood_levels\widgets\blood_levels\blood_levels_time_display.dart
DA:14,1
DA:15,1
DA:17,1
DA:18,1
DA:19,1
DA:20,2
DA:21,3
DA:23,1
DA:25,4
DA:28,0
DA:29,0
DA:30,0
DA:33,0
DA:34,0
DA:36,0
DA:39,0
DA:41,0
LF:17
LH:9
end_of_record
SF:lib\features\blood_levels\widgets\blood_levels\level_card.dart
DA:17,1
DA:18,1
DA:19,1
DA:24,1
DA:26,1
DA:27,1
DA:28,1
DA:29,3
DA:30,3
DA:31,1
DA:32,5
DA:33,3
DA:34,1
DA:35,3
DA:36,1
DA:37,0
DA:38,1
DA:39,1
DA:40,1
DA:42,1
DA:43,1
DA:44,2
DA:46,1
DA:47,2
DA:48,1
DA:49,2
DA:50,1
DA:51,1
DA:52,1
DA:55,2
DA:57,1
DA:59,1
DA:60,1
DA:63,2
DA:65,1
DA:68,5
DA:70,2
DA:71,1
DA:74,5
DA:78,1
DA:80,0
DA:82,0
DA:91,1
DA:96,1
DA:97,1
DA:98,1
DA:99,1
DA:101,1
DA:103,1
DA:105,1
DA:106,1
DA:108,1
DA:109,1
DA:110,4
DA:111,2
DA:113,4
DA:114,0
DA:115,0
DA:116,0
DA:121,1
DA:122,1
DA:123,1
DA:124,3
DA:125,1
DA:126,2
DA:127,2
DA:128,2
DA:130,1
DA:132,3
DA:135,2
DA:136,1
DA:137,1
DA:147,0
DA:148,0
DA:149,0
DA:150,0
DA:151,0
DA:153,0
DA:155,0
DA:156,0
DA:157,0
DA:158,0
DA:159,0
DA:160,0
DA:161,0
DA:162,0
DA:163,0
DA:164,0
DA:165,0
DA:166,0
DA:167,0
DA:168,0
DA:171,0
DA:172,0
DA:173,0
DA:175,0
DA:176,0
DA:177,0
DA:178,0
DA:179,0
DA:181,0
DA:182,0
DA:183,0
DA:184,0
DA:193,0
DA:194,0
DA:195,0
DA:196,0
DA:197,0
DA:200,0
DA:203,0
DA:204,0
DA:205,0
DA:208,0
DA:213,0
DA:214,0
DA:215,0
DA:216,0
DA:217,0
DA:220,0
DA:223,0
DA:224,0
DA:225,0
DA:228,0
DA:238,0
DA:239,0
DA:240,0
DA:241,0
DA:242,0
DA:244,0
DA:245,0
DA:246,0
DA:247,0
DA:248,0
DA:249,0
DA:251,0
DA:253,0
DA:254,0
DA:255,0
DA:256,0
DA:263,1
DA:264,1
DA:265,1
DA:266,1
DA:268,1
DA:270,1
DA:271,4
DA:272,2
DA:273,2
DA:279,1
DA:280,4
DA:283,0
DA:287,1
DA:289,1
DA:290,2
DA:291,0
DA:292,0
DA:293,0
DA:294,0
DA:296,0
DA:300,1
DA:301,2
DA:302,4
DA:303,0
LF:164
LH:83
end_of_record
SF:lib\features\blood_levels\widgets\blood_levels\system_overview_card.dart
DA:16,1
DA:21,1
DA:23,1
DA:24,1
DA:25,1
DA:26,1
DA:27,2
DA:28,7
DA:29,3
DA:31,3
DA:34,1
DA:35,4
DA:36,1
DA:37,1
DA:38,1
DA:39,1
DA:41,1
DA:42,2
DA:43,1
DA:44,2
DA:45,1
DA:47,1
DA:49,1
DA:50,1
DA:51,1
DA:53,2
DA:54,1
DA:56,2
DA:57,2
DA:60,2
DA:62,1
DA:64,1
DA:65,1
DA:67,1
DA:68,1
DA:72,1
DA:74,1
DA:75,1
DA:79,1
DA:81,1
DA:82,1
DA:86,1
DA:88,2
DA:89,1
DA:101,1
DA:108,1
DA:109,1
DA:111,1
DA:112,1
DA:113,1
DA:114,1
DA:115,2
DA:116,1
DA:117,1
DA:118,2
DA:120,3
DA:122,2
DA:123,3
DA:124,2
DA:125,2
LF:60
LH:60
end_of_record
SF:lib\features\blood_levels\widgets\blood_levels\risk_assessment_card.dart
DA:15,1
DA:16,1
DA:18,1
DA:19,1
DA:20,1
DA:21,1
DA:25,7
DA:26,2
DA:27,6
DA:28,1
DA:29,3
DA:31,3
DA:37,1
DA:39,1
DA:43,0
DA:45,0
DA:49,0
DA:51,0
DA:56,0
DA:63,1
DA:64,2
DA:65,1
DA:66,2
DA:67,1
DA:68,1
DA:70,1
DA:72,1
DA:73,1
DA:74,2
DA:76,1
DA:77,1
DA:78,1
DA:79,2
DA:81,1
DA:82,1
DA:83,2
DA:84,1
DA:85,1
DA:86,2
DA:90,1
DA:92,2
DA:94,2
DA:100,2
DA:102,1
DA:103,1
DA:104,1
DA:105,2
DA:106,1
DA:107,4
DA:111,1
DA:112,1
DA:113,1
DA:115,4
DA:116,1
DA:119,1
DA:120,2
DA:121,2
DA:122,1
DA:124,1
DA:125,1
DA:126,2
DA:127,1
DA:129,1
DA:130,1
DA:131,1
DA:132,2
DA:134,2
DA:135,2
DA:144,2
DA:145,1
DA:147,1
DA:148,4
DA:149,4
DA:152,2
DA:154,1
DA:156,2
DA:157,1
LF:77
LH:72
end_of_record
SF:lib\features\blood_levels\widgets\blood_levels\blood_levels_timeline_section.dart
DA:26,1
DA:39,1
DA:41,1
DA:42,1
DA:43,1
DA:45,2
DA:46,0
DA:47,0
DA:48,0
DA:49,0
DA:50,0
DA:52,0
DA:53,0
DA:55,0
DA:56,0
DA:58,0
DA:66,3
DA:67,1
DA:68,1
DA:70,1
DA:71,2
DA:72,1
DA:73,1
DA:74,1
DA:75,1
DA:76,1
DA:77,1
DA:78,1
DA:79,1
DA:84,1
DA:86,1
DA:87,1
DA:88,1
DA:89,1
DA:90,1
LF:35
LH:25
end_of_record
SF:lib\features\blood_levels\widgets\blood_levels\metabolism_timeline_card.dart
DA:28,1
DA:37,1
DA:38,1
DA:44,1
DA:46,1
DA:47,1
DA:50,0
DA:52,0
DA:53,0
DA:54,0
DA:55,0
DA:56,0
DA:57,0
DA:61,1
DA:62,3
DA:64,2
DA:65,1
DA:66,2
DA:67,3
DA:68,1
DA:69,2
DA:70,1
DA:72,2
DA:73,2
DA:74,2
DA:76,0
DA:77,0
DA:80,0
DA:81,0
DA:82,0
DA:83,0
DA:87,1
DA:88,2
DA:89,2
DA:90,1
DA:96,1
DA:98,1
DA:99,1
DA:100,1
DA:101,2
DA:102,1
DA:103,0
DA:104,0
DA:105,0
DA:108,2
DA:109,1
DA:112,0
DA:113,0
DA:114,0
DA:115,0
DA:116,0
DA:117,0
DA:118,0
DA:119,0
DA:124,0
DA:125,0
DA:132,0
DA:133,0
DA:135,0
DA:137,0
DA:138,0
DA:139,0
DA:140,0
DA:141,0
DA:142,0
DA:147,0
DA:148,0
DA:155,0
DA:157,0
DA:158,0
DA:159,0
DA:160,0
DA:162,0
DA:163,0
DA:167,0
DA:169,0
DA:170,0
DA:171,0
DA:172,0
DA:174,0
DA:175,0
DA:176,0
DA:179,0
DA:181,0
DA:182,0
DA:190,0
DA:192,0
DA:193,0
DA:194,0
DA:195,0
DA:196,0
DA:197,0
DA:198,0
DA:205,0
DA:206,0
DA:208,0
DA:211,0
DA:212,0
DA:214,0
DA:216,0
DA:218,0
DA:219,0
DA:220,0
DA:222,0
DA:224,0
DA:225,0
DA:226,0
DA:229,0
DA:231,0
DA:232,0
DA:234,0
DA:235,0
DA:237,0
DA:242,0
DA:244,0
DA:245,0
DA:247,0
DA:248,0
DA:249,0
DA:250,0
DA:251,0
DA:255,0
DA:258,0
DA:259,0
DA:261,0
DA:265,0
DA:268,0
DA:269,0
DA:270,0
DA:271,0
DA:272,0
DA:287,1
DA:288,1
DA:289,1
DA:290,1
DA:292,1
DA:293,2
DA:294,1
DA:295,1
DA:297,1
DA:298,1
DA:300,2
DA:301,1
DA:303,2
DA:304,1
DA:306,3
DA:314,0
DA:319,0
DA:320,0
DA:321,0
DA:322,0
DA:323,0
DA:327,0
DA:332,0
DA:333,0
DA:334,0
DA:337,0
DA:354,0
LF:158
LH:45
end_of_record
SF:lib\features\blood_levels\widgets\blood_levels\metabolism_timeline_controls.dart
DA:21,1
DA:31,1
DA:33,1
DA:34,1
DA:35,1
DA:36,1
DA:37,1
DA:38,2
DA:39,1
DA:41,1
DA:43,1
DA:44,1
DA:45,1
DA:47,2
DA:48,2
DA:50,2
DA:51,1
DA:53,3
DA:57,2
DA:59,1
DA:60,1
DA:61,1
DA:62,1
DA:65,1
DA:66,1
DA:69,2
DA:70,1
DA:71,1
DA:74,1
DA:75,1
DA:80,2
DA:81,1
DA:82,2
DA:83,1
DA:85,3
DA:87,2
DA:88,1
DA:89,1
DA:90,1
DA:91,1
DA:92,1
DA:93,1
DA:94,1
DA:95,1
DA:106,1
DA:112,1
DA:113,1
DA:114,1
DA:115,1
DA:116,1
DA:118,1
DA:119,4
DA:120,2
DA:121,1
DA:122,1
DA:124,1
DA:125,1
DA:126,1
DA:127,1
DA:129,1
DA:130,2
DA:131,2
DA:134,1
DA:136,3
DA:138,1
DA:139,0
DA:140,0
DA:141,0
DA:142,0
DA:153,1
DA:154,1
DA:155,1
DA:156,1
DA:158,1
DA:159,1
DA:160,1
DA:162,2
DA:163,1
DA:165,2
DA:166,1
DA:168,3
DA:171,2
DA:172,0
DA:174,2
DA:175,2
DA:176,0
DA:182,1
DA:188,1
DA:189,1
DA:190,1
DA:191,1
DA:192,1
DA:194,1
DA:195,2
DA:197,1
DA:198,3
DA:199,1
DA:201,3
DA:202,1
DA:203,2
DA:204,1
DA:205,3
DA:209,1
DA:211,2
DA:212,3
DA:222,1
DA:228,1
DA:229,1
DA:230,1
DA:231,1
DA:232,1
DA:234,4
DA:235,1
DA:236,0
DA:237,0
DA:238,0
DA:241,2
DA:242,1
DA:243,3
DA:244,1
DA:246,3
DA:247,1
DA:248,2
DA:249,1
DA:250,3
DA:254,1
DA:256,2
DA:257,3
LF:128
LH:119
end_of_record
SF:lib\features\blood_levels\widgets\blood_levels\timeline_chart_config.dart
DA:13,0
DA:19,0
DA:20,0
DA:21,0
DA:25,0
DA:26,0
DA:30,0
DA:31,0
DA:34,0
DA:35,0
DA:37,0
DA:39,0
DA:40,0
DA:41,0
DA:48,0
DA:54,0
DA:55,0
DA:56,0
DA:57,0
DA:59,0
DA:60,0
DA:61,0
DA:62,0
DA:65,0
DA:66,0
DA:67,0
DA:68,0
DA:72,0
DA:73,0
DA:75,0
DA:76,0
DA:77,0
DA:82,0
DA:83,0
DA:84,0
DA:85,0
DA:92,0
DA:93,0
DA:94,0
DA:95,0
DA:98,0
DA:99,0
DA:100,0
DA:105,0
DA:106,0
DA:107,0
DA:108,0
DA:109,0
DA:110,0
DA:111,0
DA:113,0
DA:114,0
DA:115,0
DA:116,0
DA:118,0
DA:119,0
DA:120,0
DA:121,0
DA:123,0
DA:131,0
DA:135,0
DA:137,0
DA:138,0
DA:139,0
DA:143,0
DA:146,0
DA:150,0
DA:155,0
DA:156,0
DA:157,0
DA:158,0
DA:159,0
DA:160,0
DA:162,0
DA:163,0
DA:164,0
DA:165,0
DA:166,0
DA:167,0
DA:170,0
DA:171,0
DA:172,0
DA:173,0
DA:174,0
DA:176,0
LF:85
LH:0
end_of_record
SF:lib\features\blood_levels\widgets\blood_levels\timeline_legend.dart
DA:14,0
DA:15,0
DA:17,0
DA:18,0
DA:19,0
DA:20,0
DA:21,0
[...]
DA:114,0
DA:115,0
DA:116,0
DA:118,0
DA:119,0
DA:120,0
DA:123,0
DA:125,0
DA:126,0
DA:127,0
DA:128,0
DA:133,0
DA:134,0
DA:135,0
DA:139,0
DA:140,0
DA:141,0
DA:142,0
DA:147,0
DA:148,0
DA:149,0
DA:151,0
DA:152,0
DA:153,0
DA:155,0
DA:156,0
DA:157,0
DA:158,0
DA:162,0
DA:163,0
DA:167,0
DA:174,0
DA:175,0
DA:177,0
DA:178,0
DA:187,0
DA:189,0
DA:190,0
DA:191,0
DA:192,0
DA:193,0
DA:195,0
DA:196,0
DA:197,0
DA:199,0
DA:200,0
DA:201,0
DA:202,0
DA:203,0
DA:204,0
DA:207,0
DA:210,0
DA:211,0
DA:212,0
DA:213,0
DA:214,0
DA:215,0
DA:216,0
DA:220,0
DA:221,0
DA:222,0
DA:223,0
DA:224,0
DA:225,0
DA:226,0
DA:231,0
DA:232,0
DA:233,0
DA:234,0
DA:235,0
DA:236,0
DA:238,0
DA:239,0
DA:240,0
DA:241,0
DA:243,0
DA:244,0
DA:245,0
DA:252,0
DA:253,0
DA:254,0
DA:255,0
DA:256,0
DA:259,0
DA:264,0
DA:265,0
DA:266,0
DA:267,0
DA:268,0
DA:269,0
DA:270,0
DA:271,0
DA:272,0
DA:274,0
DA:275,0
DA:278,0
DA:279,0
DA:280,0
DA:281,0
DA:285,0
LF:144
LH:1
end_of_record
SF:lib\features\stockpile\widgets\personal_library\substance_card.dart
DA:26,0
DA:36,0
DA:37,0
DA:39,0
DA:40,0
DA:41,0
DA:42,0
DA:43,0
DA:44,0
DA:45,0
DA:47,0
DA:48,0
DA:49,0
DA:50,0
DA:51,0
DA:56,0
DA:59,0
DA:61,0
DA:62,0
DA:63,0
DA:64,0
DA:66,0
DA:67,0
DA:68,0
DA:69,0
DA:70,0
DA:71,0
DA:72,0
DA:73,0
DA:75,0
DA:77,0
DA:78,0
DA:79,0
DA:80,0
DA:85,0
DA:87,0
DA:89,0
DA:90,0
DA:91,0
DA:92,0
DA:94,0
DA:95,0
DA:96,0
DA:97,0
DA:98,0
DA:99,0
DA:100,0
DA:102,0
DA:103,0
DA:105,0
DA:106,0
DA:109,0
DA:110,0
DA:111,0
DA:112,0
DA:113,0
DA:114,0
DA:115,0
DA:117,0
DA:120,0
DA:122,0
DA:124,0
DA:125,0
DA:126,0
DA:127,0
DA:130,0
DA:131,0
DA:132,0
DA:134,0
DA:135,0
DA:136,0
DA:137,0
DA:138,0
DA:141,0
DA:143,0
DA:145,0
DA:151,0
DA:152,0
DA:153,0
DA:154,0
DA:155,0
DA:156,0
DA:158,0
DA:160,0
DA:161,0
DA:162,0
DA:163,0
DA:164,0
DA:167,0
DA:168,0
DA:170,0
DA:171,0
DA:172,0
DA:173,0
DA:174,0
DA:176,0
DA:177,0
DA:187,0
DA:188,0
DA:189,0
DA:191,0
DA:193,0
DA:194,0
DA:195,0
DA:197,0
DA:201,0
DA:202,0
DA:204,0
DA:205,0
DA:212,0
DA:213,0
DA:214,0
DA:215,0
DA:216,0
DA:217,0
DA:218,0
DA:219,0
DA:220,0
DA:221,0
DA:223,0
DA:224,0
DA:226,0
DA:228,0
DA:229,0
DA:232,0
DA:233,0
DA:235,0
DA:236,0
DA:239,0
DA:240,0
DA:241,0
DA:242,0
DA:248,0
DA:250,0
DA:251,0
DA:252,0
DA:254,0
DA:255,0
DA:257,0
DA:258,0
DA:259,0
DA:260,0
DA:269,0
DA:270,0
DA:271,0
DA:272,0
DA:281,0
DA:282,0
DA:283,0
DA:285,0
DA:295,0
DA:301,0
DA:302,0
DA:304,0
DA:305,0
DA:306,0
DA:307,0
DA:309,0
DA:310,0
DA:312,0
DA:313,0
DA:314,0
DA:316,0
DA:317,0
DA:319,0
DA:320,0
DA:323,0
DA:325,0
DA:326,0
LF:169
LH:0
end_of_record
SF:lib\features\stockpile\widgets\personal_library\summary_stats_banner.dart
DA:16,0
DA:23,0
DA:25,0
DA:26,0
DA:27,0
DA:29,0
DA:30,0
DA:31,0
DA:32,0
DA:33,0
DA:34,0
DA:36,0
DA:37,0
DA:39,0
DA:41,0
DA:42,0
DA:43,0
DA:45,0
DA:46,0
DA:48,0
DA:52,0
DA:54,0
DA:58,0
DA:60,0
DA:66,0
DA:67,0
DA:68,0
DA:69,0
DA:70,0
DA:72,0
DA:73,0
DA:74,0
DA:76,0
DA:78,0
DA:79,0
DA:81,0
DA:82,0
DA:84,0
DA:85,0
DA:86,0
DA:87,0
DA:88,0
DA:99,0
DA:105,0
DA:106,0
DA:108,0
DA:109,0
DA:110,0
DA:111,0
DA:112,0
DA:114,0
DA:115,0
DA:118,0
DA:120,0
LF:54
LH:0
end_of_record
SF:lib\features\stockpile\widgets\personal_library\day_usage_sheet.dart
DA:21,0
DA:28,0
DA:29,0
DA:36,0
DA:38,0
DA:39,0
DA:42,0
DA:44,0
DA:45,0
DA:46,0
DA:47,0
DA:48,0
DA:50,0
DA:51,0
DA:53,0
DA:54,0
DA:55,0
DA:59,0
DA:61,0
DA:62,0
DA:64,0
DA:65,0
DA:66,0
DA:67,0
DA:68,0
DA:71,0
DA:72,0
DA:74,0
DA:75,0
DA:76,0
DA:82,0
DA:84,0
DA:85,0
DA:86,0
DA:87,0
DA:88,0
DA:89,0
DA:90,0
DA:91,0
DA:92,0
DA:93,0
DA:96,0
DA:98,0
DA:100,0
DA:101,0
DA:103,0
DA:104,0
DA:105,0
DA:106,0
DA:110,0
DA:111,0
DA:112,0
DA:113,0
DA:114,0
DA:115,0
DA:116,0
DA:117,0
DA:118,0
DA:119,0
DA:120,0
DA:121,0
DA:122,0
DA:125,0
DA:127,0
DA:129,0
DA:130,0
DA:131,0
DA:132,0
DA:135,0
DA:136,0
DA:137,0
DA:139,0
DA:140,0
DA:141,0
DA:142,0
DA:143,0
DA:146,0
DA:147,0
DA:148,0
DA:149,0
DA:155,0
DA:157,0
DA:158,0
DA:162,0
DA:163,0
DA:164,0
DA:165,0
DA:166,0
DA:168,0
DA:169,0
DA:170,0
DA:171,0
DA:172,0
DA:175,0
DA:176,0
DA:177,0
DA:178,0
DA:179,0
DA:187,0
DA:188,0
DA:189,0
DA:193,0
DA:194,0
DA:196,0
DA:197,0
DA:198,0
DA:199,0
DA:200,0
DA:201,0
DA:202,0
DA:204,0
DA:205,0
DA:206,0
DA:207,0
DA:208,0
DA:209,0
DA:210,0
DA:212,0
DA:213,0
DA:215,0
DA:216,0
DA:218,0
DA:220,0
DA:223,0
DA:224,0
DA:225,0
DA:226,0
DA:227,0
DA:228,0
DA:231,0
DA:232,0
DA:233,0
DA:234,0
DA:240,0
DA:242,0
DA:243,0
DA:246,0
DA:247,0
DA:249,0
DA:250,0
DA:253,0
DA:254,0
DA:255,0
DA:257,0
DA:258,0
DA:260,0
DA:261,0
DA:263,0
DA:264,0
DA:267,0
DA:268,0
DA:269,0
DA:271,0
DA:272,0
DA:287,0
DA:288,0
DA:289,0
DA:290,0
DA:291,0
DA:292,0
DA:293,0
DA:296,0
DA:297,0
DA:298,0
DA:299,0
DA:300,0
DA:303,0
LF:167
LH:0
end_of_record
SF:lib\features\stockpile\widgets\personal_library\library_search_bar.dart
DA:14,0
DA:20,0
DA:22,0
DA:23,0
DA:24,0
DA:25,0
DA:26,0
DA:27,0
DA:28,0
DA:30,0
DA:31,0
DA:32,0
LF:12
LH:0
end_of_record
SF:lib\features\stockpile\widgets\personal_library\library_app_bar.dart
DA:14,0
DA:20,0
DA:22,0
DA:23,0
DA:25,0
DA:28,0
DA:29,0
DA:30,0
DA:31,0
DA:32,0
DA:34,0
DA:36,0
LF:12
LH:0
end_of_record
SF:lib\features\stockpile\widgets\personal_library\weekly_usage_display.dart
DA:15,0
DA:21,0
DA:23,0
DA:24,0
DA:25,0
DA:26,0
DA:27,0
DA:28,0
DA:30,0
DA:31,0
DA:33,0
DA:34,0
DA:36,0
DA:37,0
DA:40,0
DA:42,0
DA:43,0
DA:49,0
DA:50,0
DA:52,0
DA:53,0
DA:54,0
DA:56,0
DA:57,0
DA:58,0
DA:59,0
DA:60,0
DA:61,0
DA:62,0
DA:63,0
DA:64,0
DA:66,0
DA:67,0
DA:71,0
DA:72,0
DA:74,0
DA:75,0
DA:76,0
DA:77,0
DA:79,0
DA:80,0
DA:82,0
DA:83,0
DA:84,0
DA:85,0
DA:86,0
DA:88,0
DA:89,0
DA:92,0
DA:94,0
DA:95,0
DA:96,0
DA:97,0
DA:98,0
DA:99,0
DA:100,0
DA:101,0
DA:103,0
DA:106,0
DA:107,0
DA:108,0
DA:109,0
DA:110,0
DA:111,0
DA:113,0
DA:115,0
DA:116,0
DA:119,0
DA:120,0
DA:121,0
DA:122,0
DA:123,0
DA:124,0
DA:125,0
LF:74
LH:0
end_of_record
SF:lib\features\tolerance\pages\tolerance_dashboard_page.dart
DA:17,1
DA:19,0
DA:21,0
DA:28,0
DA:32,0
DA:37,0
DA:39,0
DA:40,0
DA:41,0
DA:42,0
DA:47,0
DA:49,0
DA:50,0
DA:51,0
DA:52,0
DA:53,0
DA:54,0
DA:58,0
DA:62,0
DA:63,0
LF:20
LH:1
end_of_record
SF:lib\features\tolerance\widgets\dashboard_content_widget.dart
DA:26,0
DA:36,0
DA:38,0
DA:41,0
DA:42,0
DA:43,0
DA:44,0
DA:47,0
DA:48,0
DA:49,0
DA:51,0
DA:53,0
DA:54,0
DA:55,0
DA:56,0
DA:57,0
DA:58,0
DA:59,0
DA:60,0
DA:62,0
DA:67,0
DA:68,0
DA:70,0
DA:71,0
DA:73,0
DA:75,0
DA:76,0
LF:27
LH:0
end_of_record
SF:lib\features\tolerance\widgets\bucket_details_widget.dart
DA:24,0
DA:32,0
DA:34,0
DA:35,0
DA:36,0
DA:37,0
DA:39,0
DA:40,0
DA:41,0
DA:43,0
DA:46,0
DA:47,0
DA:48,0
DA:49,0
DA:50,0
DA:52,0
DA:53,0
DA:56,0
DA:58,0
DA:59,0
DA:60,0
DA:61,0
DA:65,0
DA:66,0
DA:67,0
DA:69,0
DA:72,0
DA:73,0
DA:74,0
DA:78,0
DA:81,0
DA:82,0
DA:83,0
DA:84,0
DA:85,0
DA:86,0
DA:88,0
DA:89,0
DA:90,0
DA:93,0
DA:96,0
DA:97,0
DA:99,0
DA:101,0
DA:102,0
DA:103,0
DA:104,0
DA:105,0
DA:107,0
DA:108,0
DA:109,0
DA:110,0
DA:112,0
DA:113,0
DA:114,0
DA:121,0
DA:123,0
LF:57
LH:0
end_of_record
SF:lib\models\bucket_definitions.dart
DA:18,0
DA:19,0
DA:20,0
DA:22,0
DA:24,0
DA:26,0
DA:28,0
DA:30,0
DA:32,0
DA:34,0
DA:37,0
DA:42,0
DA:43,0
DA:44,0
DA:46,0
DA:48,0
DA:50,0
DA:52,0
DA:54,0
DA:56,0
DA:58,0
DA:66,0
DA:67,0
DA:68,0
DA:70,0
DA:72,0
DA:74,0
DA:76,0
DA:78,0
DA:80,0
DA:82,0
DA:91,0
DA:92,0
DA:93,0
DA:97,0
DA:103,0
DA:106,0
DA:108,0
DA:109,0
DA:110,0
DA:112,0
DA:117,0
DA:118,0
DA:119,0
DA:120,0
DA:124,0
DA:125,0
DA:126,0
LF:48
LH:0
end_of_record
SF:lib\features\tolerance\widgets\bucket_utils.dart
DA:14,0
DA:15,0
DA:17,0
DA:19,0
DA:21,0
DA:23,0
DA:25,0
DA:27,0
DA:29,0
DA:31,0
DA:38,0
DA:39,0
DA:40,0
DA:41,0
DA:42,0
DA:43,0
DA:46,0
DA:47,0
DA:50,0
DA:51,0
DA:52,0
DA:53,0
DA:54,0
DA:56,0
LF:24
LH:0
end_of_record
SF:lib\features\tolerance\widgets\system_overview_widget.dart
DA:26,0
DA:35,0
DA:37,0
DA:38,0
DA:39,0
DA:41,0
DA:42,0
DA:43,0
DA:44,0
DA:45,0
DA:46,0
DA:48,0
DA:53,0
DA:56,0
DA:58,0
DA:59,0
DA:61,0
DA:63,0
DA:64,0
DA:65,0
DA:66,0
DA:67,0
DA:68,0
DA:69,0
DA:75,0
DA:76,0
DA:77,0
DA:84,0
DA:89,0
DA:90,0
LF:30
LH:0
end_of_record
SF:lib\features\tolerance\widgets\empty_state_widget.dart
DA:17,0
DA:19,0
DA:21,0
DA:22,0
DA:23,0
DA:25,0
DA:26,0
DA:27,0
DA:28,0
DA:30,0
DA:32,0
DA:33,0
DA:34,0
DA:35,0
DA:38,0
DA:41,0
DA:44,0
DA:46,0
DA:48,0
DA:51,0
DA:53,0
DA:55,0
DA:58,0
DA:59,0
DA:60,0
DA:62,0
LF:26
LH:0
end_of_record
SF:lib\features\tolerance\widgets\system_bucket_card.dart
DA:25,0
DA:35,0
DA:37,0
DA:38,0
DA:39,0
DA:40,0
DA:41,0
DA:42,0
DA:43,0
DA:44,0
DA:45,0
DA:46,0
DA:50,0
DA:53,0
DA:54,0
DA:56,0
DA:58,0
DA:60,0
DA:62,0
DA:64,0
DA:66,0
DA:68,0
DA:75,0
DA:77,0
DA:78,0
DA:79,0
DA:80,0
DA:81,0
DA:83,0
DA:89,0
DA:90,0
DA:91,0
DA:92,0
DA:93,0
DA:94,0
DA:96,0
DA:98,0
DA:99,0
DA:100,0
DA:101,0
DA:102,0
DA:103,0
DA:105,0
DA:106,0
DA:107,0
DA:111,0
DA:112,0
DA:113,0
DA:114,0
DA:119,0
DA:120,0
DA:121,0
DA:122,0
DA:124,0
DA:125,0
DA:126,0
DA:127,0
DA:128,0
DA:130,0
DA:131,0
DA:132,0
DA:133,0
DA:134,0
DA:138,0
DA:139,0
DA:140,0
DA:143,0
DA:144,0
DA:145,0
DA:146,0
DA:147,0
DA:148,0
DA:150,0
DA:151,0
DA:152,0
DA:154,0
DA:156,0
DA:157,0
DA:158,0
LF:79
LH:0
end_of_record
SF:lib\features\wearOS\wearos_page.dart
DA:20,1
DA:22,0
DA:25,0
DA:26,0
DA:27,0
DA:28,0
DA:30,0
DA:31,0
DA:32,0
DA:34,0
DA:35,0
DA:36,0
DA:39,0
DA:40,0
DA:41,0
DA:42,0
DA:44,0
DA:45,0
DA:47,0
DA:48,0
DA:50,0
DA:51,0
DA:53,0
DA:54,0
DA:55,0
DA:59,0
DA:60,0
DA:62,0
DA:65,0
DA:66,0
DA:67,0
DA:68,0
DA:69,0
DA:70,0
DA:71,0
DA:72,0
DA:73,0
DA:77,0
DA:79,0
DA:80,0
DA:81,0
DA:82,0
DA:84,0
DA:85,0
DA:86,0
LF:45
LH:1
end_of_record
SF:lib\legacy\encryption_migration_page.dart
DA:25,1
DA:26,0
DA:28,0
DA:41,0
DA:43,0
DA:44,0
DA:45,0
DA:46,0
DA:47,0
DA:48,0
DA:49,0
DA:50,0
DA:51,0
DA:52,0
DA:53,0
DA:56,0
DA:57,0
DA:58,0
DA:59,0
DA:65,0
DA:66,0
DA:67,0
DA:68,0
DA:69,0
DA:70,0
DA:71,0
DA:72,0
DA:73,0
DA:74,0
DA:75,0
DA:76,0
DA:83,0
DA:84,0
DA:85,0
DA:86,0
DA:88,0
DA:89,0
DA:90,0
DA:93,0
DA:94,0
DA:95,0
DA:96,0
DA:98,0
DA:100,0
DA:101,0
DA:103,0
DA:105,0
DA:106,0
DA:112,0
DA:113,0
DA:119,0
DA:120,0
DA:126,0
DA:127,0
DA:133,0
DA:134,0
DA:135,0
DA:136,0
DA:137,0
DA:138,0
DA:140,0
DA:141,0
DA:142,0
DA:144,0
DA:145,0
DA:147,0
DA:148,0
DA:149,0
DA:151,0
DA:158,0
DA:160,0
DA:161,0
DA:162,0
DA:163,0
DA:166,0
DA:167,0
DA:168,0
DA:169,0
DA:170,0
DA:171,0
DA:174,0
DA:176,0
DA:177,0
DA:178,0
DA:187,0
DA:193,0
DA:194,0
DA:195,0
DA:196,0
DA:197,0
DA:199,0
DA:200,0
DA:201,0
DA:202,0
DA:203,0
DA:204,0
DA:205,0
DA:206,0
DA:208,0
DA:210,0
DA:211,0
DA:212,0
DA:214,0
DA:215,0
DA:217,0
DA:218,0
DA:219,0
DA:222,0
DA:224,0
DA:234,0
DA:235,0
DA:236,0
DA:237,0
DA:238,0
DA:239,0
DA:241,0
DA:243,0
DA:244,0
DA:246,0
DA:248,0
DA:249,0
DA:251,0
DA:253,0
DA:254,0
DA:255,0
DA:260,0
DA:262,0
DA:264,0
DA:265,0
DA:268,0
DA:269,0
DA:270,0
DA:271,0
DA:273,0
DA:274,0
DA:275,0
DA:279,0
DA:280,0
DA:282,0
DA:283,0
DA:286,0
DA:287,0
DA:288,0
DA:292,0
DA:293,0
DA:295,0
DA:296,0
DA:297,0
DA:298,0
DA:299,0
DA:303,0
DA:304,0
DA:305,0
DA:306,0
DA:307,0
DA:308,0
DA:311,0
DA:313,0
DA:314,0
DA:315,0
DA:325,0
DA:326,0
DA:327,0
DA:328,0
DA:329,0
DA:330,0
DA:332,0
DA:334,0
DA:335,0
DA:337,0
DA:339,0
DA:340,0
DA:342,0
DA:344,0
DA:345,0
DA:346,0
DA:351,0
DA:353,0
DA:355,0
DA:356,0
DA:359,0
DA:360,0
DA:361,0
DA:362,0
DA:364,0
DA:365,0
DA:366,0
DA:370,0
DA:373,0
DA:374,0
DA:376,0
DA:377,0
DA:379,0
DA:380,0
DA:382,0
DA:383,0
DA:386,0
DA:387,0
DA:388,0
DA:392,0
DA:393,0
DA:394,0
DA:395,0
DA:396,0
DA:397,0
DA:398,0
DA:399,0
DA:400,0
DA:403,0
DA:404,0
DA:405,0
DA:406,0
DA:407,0
DA:410,0
DA:413,0
DA:414,0
DA:415,0
DA:416,0
DA:417,0
DA:419,0
DA:420,0
DA:421,0
DA:422,0
DA:423,0
DA:424,0
DA:427,0
DA:429,0
DA:430,0
DA:431,0
DA:443,0
DA:444,0
DA:445,0
DA:446,0
DA:447,0
DA:449,0
DA:451,0
DA:452,0
DA:453,0
DA:455,0
DA:456,0
DA:458,0
DA:460,0
DA:461,0
DA:464,0
DA:471,0
DA:472,0
DA:473,0
DA:474,0
DA:475,0
DA:476,0
DA:478,0
DA:481,0
DA:482,0
DA:483,0
DA:484,0
DA:486,0
DA:488,0
DA:489,0
DA:491,0
DA:493,0
DA:494,0
DA:495,0
DA:496,0
DA:497,0
DA:498,0
DA:499,0
DA:501,0
DA:503,0
DA:504,0
DA:505,0
DA:506,0
DA:507,0
DA:508,0
DA:510,0
DA:511,0
DA:512,0
DA:517,0
DA:518,0
DA:520,0
DA:525,0
DA:526,0
DA:528,0
DA:529,0
DA:530,0
DA:533,0
DA:534,0
DA:536,0
DA:537,0
DA:538,0
DA:539,0
DA:540,0
DA:542,0
DA:543,0
DA:544,0
DA:545,0
DA:547,0
DA:552,0
DA:553,0
DA:555,0
DA:556,0
DA:557,0
DA:558,0
DA:559,0
DA:561,0
DA:565,0
DA:566,0
DA:568,0
DA:570,0
DA:571,0
DA:572,0
DA:573,0
DA:574,0
DA:580,0
DA:582,0
DA:583,0
DA:584,0
DA:585,0
DA:588,0
DA:590,0
DA:591,0
DA:592,0
DA:593,0
DA:594,0
DA:595,0
DA:598,0
DA:600,0
DA:601,0
DA:602,0
DA:612,0
DA:613,0
DA:614,0
DA:617,0
DA:619,0
DA:622,0
DA:623,0
DA:624,0
DA:626,0
DA:627,0
DA:628,0
DA:631,0
DA:633,0
DA:636,0
DA:637,0
DA:639,0
DA:640,0
DA:641,0
DA:642,0
DA:643,0
LF:348
LH:1
end_of_record
SF:lib\legacy\migration_step_controller.dart
DA:3,0
DA:4,0
DA:7,0
DA:8,0
DA:11,0
DA:12,0
DA:16,0
DA:17,0
DA:18,0
DA:19,0
DA:20,0
LF:11
LH:0
end_of_record
SF:lib\models\serialization\log_entry_serializer.dart
DA:18,3
DA:19,3
DA:20,3
DA:21,3
DA:22,7
DA:24,3
DA:25,9
DA:27,3
DA:28,7
DA:30,8
DA:33,9
DA:35,5
DA:37,5
DA:38,3
DA:39,6
DA:41,6
DA:42,6
DA:43,6
DA:44,8
DA:45,3
DA:46,3
DA:47,9
DA:49,5
DA:50,6
DA:62,4
DA:63,2
DA:64,2
DA:65,2
DA:66,2
DA:67,2
DA:68,2
DA:69,4
DA:70,4
DA:71,2
DA:72,2
DA:73,2
DA:74,2
DA:75,2
DA:76,2
DA:77,2
DA:78,2
DA:79,2
DA:80,2
DA:81,2
DA:82,2
DA:83,2
DA:84,2
DA:85,2
DA:86,2
DA:87,2
DA:88,2
DA:89,2
DA:97,3
DA:102,3
DA:103,2
DA:104,2
DA:105,3
DA:107,6
DA:108,6
DA:109,9
DA:110,6
DA:111,6
DA:113,4
DA:124,3
DA:125,3
DA:126,5
DA:129,6
DA:135,3
DA:136,9
DA:138,3
DA:139,2
DA:142,3
DA:143,7
DA:145,3
DA:146,8
DA:155,3
DA:156,6
DA:157,7
DA:158,6
DA:159,7
LF:80
LH:80
end_of_record
SF:lib\utils\parsing_utils.dart
DA:4,4
DA:5,8
DA:8,10
DA:18,4
DA:19,3
DA:20,4
DA:22,7
DA:23,7
DA:24,3
DA:26,6
DA:28,5
DA:30,3
DA:31,9
DA:32,9
DA:33,3
DA:35,0
DA:38,1
DA:47,4
DA:48,4
DA:49,2
DA:50,2
DA:51,4
DA:52,2
DA:53,2
DA:54,8
DA:55,2
DA:60,1
DA:61,3
DA:72,4
DA:74,3
DA:75,6
DA:77,6
DA:78,4
DA:79,4
DA:80,6
DA:82,3
LF:36
LH:35
end_of_record
SF:lib\services\settings_service.dart
DA:12,2
DA:17,2
DA:18,2
DA:23,1
DA:24,1
DA:27,0
DA:34,2
DA:36,2
DA:37,4
DA:38,2
DA:40,2
DA:42,0
DA:48,0
DA:51,0
DA:52,0
DA:53,0
DA:58,1
DA:61,1
DA:62,1
DA:64,0
DA:70,1
DA:75,0
LF:22
LH:14
end_of_record
SF:lib\utils\entry_validation.dart
DA:12,1
DA:13,1
DA:18,1
DA:19,2
DA:26,1
DA:27,1
DA:28,1
DA:30,1
DA:31,2
DA:38,1
DA:39,1
DA:40,1
DA:42,2
DA:49,1
DA:50,3
DA:54,1
DA:55,1
DA:56,1
DA:58,1
DA:59,3
DA:67,1
DA:68,1
DA:69,1
DA:71,1
DA:72,3
LF:25
LH:25
end_of_record
SF:lib\utils\tolerance_calculator.dart
DA:21,0
DA:22,0
DA:23,0
DA:24,0
DA:35,0
DA:40,0
DA:42,0
DA:44,0
DA:45,0
DA:46,0
DA:50,0
DA:51,0
DA:54,0
DA:55,0
DA:58,0
DA:60,0
DA:61,0
DA:62,0
DA:63,0
DA:64,0
DA:69,0
DA:77,0
DA:78,0
DA:83,0
DA:85,0
DA:86,0
DA:87,0
DA:89,0
DA:90,0
DA:94,0
DA:96,0
DA:99,0
DA:100,0
DA:101,0
DA:104,0
DA:105,0
DA:113,0
DA:120,0
DA:121,0
DA:124,0
DA:125,0
DA:126,0
DA:127,0
DA:128,0
DA:129,0
DA:131,0
DA:133,0
DA:136,0
DA:138,0
DA:139,0
DA:141,0
DA:145,0
DA:146,0
DA:148,0
DA:149,0
DA:153,0
DA:156,0
DA:157,0
DA:160,0
DA:161,0
DA:162,0
DA:166,0
DA:168,0
DA:169,0
DA:170,0
DA:171,0
DA:174,0
DA:175,0
DA:176,0
DA:177,0
DA:180,0
DA:182,0
DA:183,0
DA:184,0
DA:189,0
DA:190,0
DA:193,0
DA:196,0
DA:197,0
DA:198,0
DA:199,0
DA:200,0
DA:204,0
DA:206,0
DA:210,0
DA:211,0
DA:212,0
DA:214,0
DA:215,0
DA:218,0
DA:219,0
DA:220,0
DA:223,0
DA:224,0
DA:225,0
DA:226,0
DA:230,0
DA:231,0
DA:233,0
DA:235,0
DA:236,0
DA:239,0
DA:241,0
DA:242,0
DA:247,0
DA:254,0
DA:257,0
DA:258,0
DA:259,0
DA:260,0
DA:261,0
DA:266,1
DA:267,1
DA:269,1
DA:271,1
DA:273,1
DA:289,0
DA:305,0
DA:310,0
DA:313,0
DA:314,0
DA:315,0
DA:316,0
DA:318,0
DA:319,0
DA:320,0
DA:322,0
DA:324,0
DA:329,0
DA:330,0
DA:334,0
DA:335,0
DA:339,0
DA:340,0
DA:341,0
DA:346,0
DA:348,0
DA:352,0
DA:353,0
DA:354,0
DA:356,0
DA:357,0
DA:362,0
DA:363,0
DA:364,0
DA:366,0
DA:368,0
DA:370,0
DA:373,0
DA:374,0
DA:379,0
DA:380,0
DA:384,0
DA:386,0
DA:388,0
LF:155
LH:5
end_of_record
SF:lib\models\tolerance_model.dart
DA:16,0
DA:41,0
DA:52,0
DA:54,0
DA:55,0
DA:56,0
DA:57,0
DA:59,0
DA:60,0
DA:62,0
DA:64,0
DA:66,0
DA:68,0
DA:70,0
DA:72,0
DA:73,0
DA:76,0
DA:77,0
DA:78,0
DA:79,0
DA:80,0
DA:82,0
DA:83,0
DA:85,0
DA:86,0
DA:87,0
DA:88,0
DA:89,0
DA:99,0
DA:104,0
DA:105,0
DA:107,0
DA:108,0
DA:111,0
DA:112,0
DA:113,0
DA:114,0
DA:118,0
DA:119,0
DA:127,0
DA:144,0
DA:146,0
DA:148,0
DA:150,0
DA:152,0
DA:154,0
DA:164,0
LF:47
LH:0
end_of_record
SF:lib\features\feature_flags\widgets\feature_flags\feature_gate.dart
DA:29,1
DA:35,1
DA:37,1
DA:38,1
DA:39,1
DA:41,2
DA:44,1
DA:46,1
DA:47,1
DA:49,2
DA:53,2
DA:55,1
DA:58,0
DA:59,0
DA:69,1
DA:70,1
DA:72,1
DA:73,1
DA:74,2
LF:19
LH:17
end_of_record
SF:lib\features\feature_flags\widgets\feature_flags\feature_disabled_screen.dart
DA:20,1
DA:27,1
DA:29,1
DA:30,1
DA:31,2
DA:32,4
DA:33,1
DA:35,1
DA:38,1
DA:40,1
DA:41,1
DA:42,1
DA:43,1
DA:44,1
DA:45,2
DA:46,1
DA:47,1
DA:48,1
DA:49,1
DA:50,2
DA:51,2
DA:52,1
DA:54,1
DA:55,0
DA:56,0
DA:57,0
DA:59,0
DA:64,1
DA:65,1
DA:66,2
DA:67,1
DA:69,1
DA:70,2
DA:72,1
DA:73,2
DA:74,2
DA:75,1
DA:76,2
DA:77,2
DA:79,1
DA:81,1
DA:83,1
DA:84,1
DA:87,2
DA:89,1
DA:91,3
DA:94,2
DA:96,1
DA:97,2
DA:100,3
DA:103,2
DA:105,1
DA:106,0
DA:107,0
DA:109,0
DA:115,2
DA:117,1
DA:118,0
DA:119,0
DA:120,0
DA:122,0
DA:129,2
DA:131,1
DA:132,2
DA:133,1
DA:134,2
DA:135,2
DA:136,3
DA:138,1
DA:140,1
DA:141,1
DA:143,1
DA:144,1
DA:146,2
DA:147,1
DA:148,1
DA:151,3
LF:77
LH:66
end_of_record
SF:lib\features\log_entry\widgets\log_entry\complex_fields.dart
DA:15,1
DA:25,1
DA:27,1
DA:28,1
DA:29,1
DA:30,1
DA:31,1
DA:33,1
DA:35,1
DA:36,1
DA:37,1
DA:38,1
DA:41,2
DA:43,1
DA:44,1
DA:45,1
DA:47,2
DA:48,1
DA:49,2
DA:51,1
DA:52,2
DA:53,2
DA:55,1
DA:56,2
DA:57,1
DA:58,1
DA:59,2
DA:63,1
DA:64,2
DA:66,2
DA:68,2
DA:70,1
DA:71,1
DA:72,1
DA:74,2
DA:75,1
DA:76,2
DA:78,1
DA:79,2
DA:80,2
DA:82,1
DA:83,2
DA:84,1
DA:85,1
DA:86,2
DA:90,1
DA:91,2
DA:93,2
DA:95,2
DA:97,1
DA:98,1
DA:99,1
DA:100,1
DA:102,2
DA:103,1
DA:104,2
DA:106,1
DA:107,2
DA:108,2
DA:110,1
DA:111,2
DA:112,2
DA:115,1
DA:116,2
DA:118,2
DA:120,2
DA:122,1
DA:123,1
DA:125,1
DA:127,2
DA:128,1
DA:129,2
DA:131,1
DA:132,2
DA:133,2
DA:135,1
DA:136,2
DA:137,2
DA:140,1
DA:141,2
DA:143,2
LF:81
LH:81
end_of_record
SF:lib\features\log_entry\widgets\log_entry\date_selector.dart
DA:10,1
DA:15,1
DA:16,1
DA:18,1
DA:19,1
DA:20,1
DA:22,0
DA:23,0
DA:27,1
DA:29,1
DA:30,1
DA:31,1
DA:32,1
DA:33,1
DA:34,1
DA:35,2
DA:36,2
DA:37,1
DA:38,3
DA:39,1
DA:40,2
DA:41,2
DA:42,1
DA:44,1
DA:46,1
DA:47,1
DA:49,2
DA:50,1
DA:52,2
DA:53,1
DA:54,3
DA:55,1
DA:57,2
DA:58,1
LF:34
LH:32
end_of_record
SF:lib\features\log_entry\widgets\log_entry\dosage_input.dart
DA:8,1
DA:9,1
DA:11,1
DA:12,1
DA:14,1
DA:15,1
DA:16,1
DA:18,1
DA:19,2
DA:20,2
DA:21,1
DA:22,2
DA:24,1
DA:25,2
DA:26,2
DA:28,1
DA:29,2
DA:30,1
DA:31,1
DA:32,2
DA:36,1
DA:37,2
DA:39,2
DA:40,1
DA:41,1
DA:44,1
LF:26
LH:26
end_of_record
SF:lib\features\log_entry\widgets\log_entry\route_selection.dart
DA:12,1
DA:17,1
DA:19,1
DA:20,1
DA:21,1
DA:23,1
DA:25,3
DA:26,1
DA:27,2
DA:28,2
DA:29,2
DA:30,1
DA:31,1
DA:32,2
DA:33,1
DA:34,1
DA:36,1
DA:37,1
DA:38,3
DA:39,1
DA:40,1
DA:41,3
DA:42,3
DA:44,2
DA:45,2
DA:51,2
DA:52,2
DA:53,3
DA:54,1
DA:55,3
DA:56,1
DA:57,4
DA:61,1
LF:33
LH:33
end_of_record
SF:lib\features\log_entry\widgets\log_entry\substance_autocomplete.dart
DA:8,1
DA:13,1
DA:15,1
DA:16,1
DA:17,1
DA:18,1
DA:19,1
DA:20,1
DA:21,2
DA:24,3
DA:25,2
DA:26,2
DA:30,1
DA:31,2
DA:34,1
DA:42,4
DA:43,0
DA:44,0
DA:45,0
DA:48,1
DA:51,1
DA:52,3
DA:53,2
DA:56,1
DA:58,2
DA:59,1
DA:60,2
DA:62,1
DA:63,2
DA:64,2
DA:66,1
DA:67,2
DA:68,1
DA:69,1
DA:70,2
DA:74,1
DA:75,2
DA:77,2
DA:78,0
DA:79,0
DA:87,1
DA:92,1
DA:93,1
DA:94,1
DA:95,2
DA:96,2
DA:97,1
DA:98,1
DA:100,4
DA:101,2
DA:102,1
DA:105,1
DA:106,1
DA:107,1
DA:108,1
DA:109,1
DA:110,1
DA:112,1
DA:114,1
DA:116,2
LF:60
LH:55
end_of_record
SF:lib\features\log_entry\widgets\log_entry\time_selector.dart
DA:9,1
DA:14,1
DA:15,1
DA:17,1
DA:19,0
DA:20,0
DA:24,1
DA:26,1
DA:27,1
DA:28,1
DA:29,1
DA:30,1
DA:31,1
DA:32,2
DA:33,2
DA:34,1
DA:35,3
DA:36,1
DA:37,2
DA:38,2
DA:39,1
DA:41,1
DA:43,1
DA:44,1
DA:46,2
DA:47,1
DA:49,2
DA:50,1
DA:51,2
DA:52,1
DA:54,2
DA:55,1
LF:32
LH:30
end_of_record
SF:lib\features\home\widgets\home\quick_action_button.dart
DA:14,1
DA:20,1
DA:22,1
DA:23,1
DA:24,2
DA:25,1
DA:26,1
DA:27,1
DA:28,1
LF:9
LH:9
end_of_record
